[ 2016-06-15T09:01:37+08:00 ] 127.0.0.1 /index.php/Admin/Login/login.html
ERR: SQLSTATE[HY000] [2002] ”…”⁄ƒø±Íº∆À„ª˙ª˝º´æ‹æ¯£¨Œﬁ∑®¡¨Ω”°£


[ 2016-06-15T14:37:34+08:00 ] 127.0.0.1 /index.php/Admin/Login/login.html
ERR: 1146:Table 'tzlshop_2.tzl_admin' doesn't exist
 [ SQLËØ≠Âè• ] : SHOW COLUMNS FROM `tzl_admin`

[ 2016-06-15T14:38:49+08:00 ] 127.0.0.1 /index.php/Admin/Login/login.html
ERR: 1146:Table 'tzlshop_2.tzl_admin' doesn't exist
 [ SQLËØ≠Âè• ] : SHOW COLUMNS FROM `tzl_admin`

[ 2016-06-15T15:24:54+08:00 ] 127.0.0.1 /index.php/Admin/Login/login.html
ERR: 1146:Table 'tzlshop_2.tzl_admin' doesn't exist
 [ SQLËØ≠Âè• ] : SHOW COLUMNS FROM `tzl_admin`

[ 2016-06-15T15:25:46+08:00 ] 127.0.0.1 /index.php/Admin/Login/login.html
ERR: 1146:Table 'tzlshop_2.tzl_admin' doesn't exist
 [ SQLËØ≠Âè• ] : SHOW COLUMNS FROM `tzl_admin`

[ 2016-06-15T15:25:47+08:00 ] 127.0.0.1 /index.php/Admin/Login/login.html
ERR: 1146:Table 'tzlshop_2.tzl_admin' doesn't exist
 [ SQLËØ≠Âè• ] : SHOW COLUMNS FROM `tzl_admin`

[ 2016-06-15T15:26:41+08:00 ] 127.0.0.1 /index.php/Admin/Login/login.html
ERR: 1146:Table 'tzlshop_2.tzl_admin' doesn't exist
 [ SQLËØ≠Âè• ] : SHOW COLUMNS FROM `tzl_admin`

[ 2016-06-15T15:26:43+08:00 ] 127.0.0.1 /index.php/Admin/Login/login.html
ERR: 1146:Table 'tzlshop_2.tzl_admin' doesn't exist
 [ SQLËØ≠Âè• ] : SHOW COLUMNS FROM `tzl_admin`

[ 2016-06-15T15:26:44+08:00 ] 127.0.0.1 /index.php/Admin/Login/login.html
ERR: 1146:Table 'tzlshop_2.tzl_admin' doesn't exist
 [ SQLËØ≠Âè• ] : SHOW COLUMNS FROM `tzl_admin`

[ 2016-06-15T15:26:55+08:00 ] 127.0.0.1 /index.php/Admin/Login/login.html
ERR: 1146:Table 'tzlshop_2.tzl_admin' doesn't exist
 [ SQLËØ≠Âè• ] : SHOW COLUMNS FROM `tzl_admin`

[ 2016-06-15T15:26:58+08:00 ] 127.0.0.1 /index.php/Admin/Login/login.html
ERR: 1146:Table 'tzlshop_2.tzl_admin' doesn't exist
 [ SQLËØ≠Âè• ] : SHOW COLUMNS FROM `tzl_admin`

[ 2016-06-15T15:26:59+08:00 ] 127.0.0.1 /index.php/Admin/Login/login.html
ERR: 1146:Table 'tzlshop_2.tzl_admin' doesn't exist
 [ SQLËØ≠Âè• ] : SHOW COLUMNS FROM `tzl_admin`

[ 2016-06-15T15:34:13+08:00 ] 127.0.0.1 /index.php/Admin/Login/login.html
ERR: 1146:Table 'tzlshop_2.tzl_admin' doesn't exist
 [ SQLËØ≠Âè• ] : SHOW COLUMNS FROM `tzl_admin`

[ 2016-06-15T15:34:15+08:00 ] 127.0.0.1 /index.php/Admin/Login/login.html
ERR: 1146:Table 'tzlshop_2.tzl_admin' doesn't exist
 [ SQLËØ≠Âè• ] : SHOW COLUMNS FROM `tzl_admin`

[ 2016-06-15T15:34:17+08:00 ] 127.0.0.1 /index.php/Admin/Login/login.html
ERR: 1146:Table 'tzlshop_2.tzl_admin' doesn't exist
 [ SQLËØ≠Âè• ] : SHOW COLUMNS FROM `tzl_admin`

[ 2016-06-15T17:05:06+08:00 ] 127.0.0.1 /index.php/Admin/Goods/Add.html
ERR: ‰∏çÂ≠òÂú®ÁöÑÂõæÂÉèÊñá‰ª∂

[ 2016-06-15T17:05:40+08:00 ] 127.0.0.1 /index.php/Admin/Goods/Add.html
ERR: ‰∏çÂ≠òÂú®ÁöÑÂõæÂÉèÊñá‰ª∂

[ 2016-06-15T17:06:09+08:00 ] 127.0.0.1 /index.php/Admin/Goods/Add.html
ERR: ‰∏çÂ≠òÂú®ÁöÑÂõæÂÉèÊñá‰ª∂

[ 2016-06-15T17:08:09+08:00 ] 127.0.0.1 /index.php/Admin/Goods/edit/id/1.html
ERR: ‰∏çÂ≠òÂú®ÁöÑÂõæÂÉèÊñá‰ª∂

[ 2016-06-15T19:48:06+08:00 ] 127.0.0.1 /index.php/Admin/Goods/ajaxGetAttr/tid/1
INFO: [ app_begin ] --START--
INFO: Run Behavior\ReadHtmlCacheBehavior [ RunTime:0.001000s ]
INFO: [ app_begin ] --END-- [ RunTime:0.002000s ]
SQL: SHOW COLUMNS FROM `tzl_admin` [ RunTime:0.0030s ]
SQL: SHOW COLUMNS FROM `tzl_admin_role` [ RunTime:0.0040s ]
SQL: SELECT DISTINCT a.admin_id,c.c_name,c.m_name,c.a_name FROM tzl_admin_role a LEFT JOIN  tzl_role_pri b ON a.role_id=b.role_id LEFT JOIN tzl_privilege c ON  b.pri_id=c.id   WHERE `admin_id` = '1' AND `c_name` <> '' AND `id` is not null   [ RunTime:0.0010s ]
SQL: SHOW COLUMNS FROM `tzl_attribute` [ RunTime:0.0040s ]
SQL: SELECT * FROM `tzl_attribute` WHERE ( type_id=1 )  [ RunTime:0.0000s ]
INFO: [ app_end ] --START--
INFO: Run Behavior\ShowPageTraceBehavior [ RunTime:0.001000s ]
INFO: [ app_end ] --END-- [ RunTime:0.001000s ]

[ 2016-06-15T19:49:06+08:00 ] 127.0.0.1 /index.php/Admin/Goods/ajaxGetAttr/tid/1
INFO: [ app_begin ] --START--
INFO: Run Behavior\ReadHtmlCacheBehavior [ RunTime:0.001000s ]
INFO: [ app_begin ] --END-- [ RunTime:0.001000s ]
SQL: SHOW COLUMNS FROM `tzl_admin` [ RunTime:0.0040s ]
SQL: SHOW COLUMNS FROM `tzl_admin_role` [ RunTime:0.0030s ]
SQL: SELECT DISTINCT a.admin_id,c.c_name,c.m_name,c.a_name FROM tzl_admin_role a LEFT JOIN  tzl_role_pri b ON a.role_id=b.role_id LEFT JOIN tzl_privilege c ON  b.pri_id=c.id   WHERE `admin_id` = '1' AND `c_name` <> '' AND `id` is not null   [ RunTime:0.0010s ]
SQL: SHOW COLUMNS FROM `tzl_attribute` [ RunTime:0.0040s ]
SQL: SELECT * FROM `tzl_attribute` WHERE ( type_id=1 )  [ RunTime:0.0000s ]
INFO: [ app_end ] --START--
INFO: Run Behavior\ShowPageTraceBehavior [ RunTime:0.001000s ]
INFO: [ app_end ] --END-- [ RunTime:0.001000s ]

[ 2016-06-15T19:50:26+08:00 ] 127.0.0.1 /index.php/Admin/Goods/edit/id/1.html
ERR: ‰∏çÂ≠òÂú®ÁöÑÂõæÂÉèÊñá‰ª∂

[ 2016-06-15T19:51:07+08:00 ] 127.0.0.1 /index.php/Admin/Goods/edit/id/1.html
ERR: ‰∏çÂ≠òÂú®ÁöÑÂõæÂÉèÊñá‰ª∂

[ 2016-06-15T19:51:54+08:00 ] 127.0.0.1 /index.php/Admin/Goods/
ERR: ÈùûÊ≥ïÊìç‰Ωú:index

[ 2016-06-15T19:53:49+08:00 ] 127.0.0.1 /index.php/Admin/Goods/Add.html
ERR: ‰∏çÂ≠òÂú®ÁöÑÂõæÂÉèÊñá‰ª∂

[ 2016-06-15T19:54:51+08:00 ] 127.0.0.1 /index.php/Admin/Goods/Add.html
ERR: ‰∏çÂ≠òÂú®ÁöÑÂõæÂÉèÊñá‰ª∂

[ 2016-06-15T19:56:08+08:00 ] 127.0.0.1 /index.php/Admin/Goods/Add.html
ERR: ‰∏çÂ≠òÂú®ÁöÑÂõæÂÉèÊñá‰ª∂

[ 2016-06-15T19:58:17+08:00 ] 127.0.0.1 /index.php/Admin/Goods/Add.html
ERR: ‰∏çÂ≠òÂú®ÁöÑÂõæÂÉèÊñá‰ª∂

[ 2016-06-15T19:59:27+08:00 ] 127.0.0.1 /index.php/Admin/Goods/Add.html
ERR: ‰∏çÂ≠òÂú®ÁöÑÂõæÂÉèÊñá‰ª∂

[ 2016-06-15T19:59:37+08:00 ] 127.0.0.1 /index.php/Admin/Goods/Add.html
ERR: ‰∏çÂ≠òÂú®ÁöÑÂõæÂÉèÊñá‰ª∂

[ 2016-06-15T20:00:17+08:00 ] 127.0.0.1 /index.php/Admin/Goods/Add.html
ERR: Think\Model:treeÊñπÊ≥ï‰∏çÂ≠òÂú®ÔºÅ

[ 2016-06-15T20:02:23+08:00 ] 127.0.0.1 /index.php/Admin/Goods/ajaxGetAttr/tid/1
INFO: [ app_begin ] --START--
INFO: Run Behavior\ReadHtmlCacheBehavior [ RunTime:0.000000s ]
INFO: [ app_begin ] --END-- [ RunTime:0.001000s ]
SQL: SHOW COLUMNS FROM `tzl_admin` [ RunTime:0.0040s ]
SQL: SHOW COLUMNS FROM `tzl_admin_role` [ RunTime:0.0040s ]
SQL: SELECT DISTINCT a.admin_id,c.c_name,c.m_name,c.a_name FROM tzl_admin_role a LEFT JOIN  tzl_role_pri b ON a.role_id=b.role_id LEFT JOIN tzl_privilege c ON  b.pri_id=c.id   WHERE `admin_id` = '1' AND `c_name` <> '' AND `id` is not null   [ RunTime:0.0010s ]
SQL: SHOW COLUMNS FROM `tzl_attribute` [ RunTime:0.0030s ]
SQL: SELECT * FROM `tzl_attribute` WHERE ( type_id=1 )  [ RunTime:0.0000s ]
INFO: [ app_end ] --START--
INFO: Run Behavior\ShowPageTraceBehavior [ RunTime:0.001000s ]
INFO: [ app_end ] --END-- [ RunTime:0.001000s ]

[ 2016-06-15T22:06:33+08:00 ] 127.0.0.1 /index.php/Admin/Index/index.html
INFO: [ app_init ] --START--
INFO: Run Behavior\BuildLiteBehavior [ RunTime:0.000000s ]
INFO: [ app_init ] --END-- [ RunTime:0.001000s ]
INFO: [ app_begin ] --START--
INFO: Run Behavior\ReadHtmlCacheBehavior [ RunTime:0.001000s ]
INFO: [ app_begin ] --END-- [ RunTime:0.001000s ]
SQL: SHOW COLUMNS FROM `tzl_admin` [ RunTime:0.0050s ]
SQL: SHOW COLUMNS FROM `tzl_admin_role` [ RunTime:0.0040s ]
SQL: SELECT DISTINCT a.admin_id,c.c_name,c.m_name,c.a_name FROM tzl_admin_role a LEFT JOIN  tzl_role_pri b ON a.role_id=b.role_id LEFT JOIN tzl_privilege c ON  b.pri_id=c.id   WHERE `admin_id` = '1' AND `c_name` <> '' AND `id` is not null   [ RunTime:0.0010s ]
INFO: [ view_parse ] --START--
INFO: [ template_filter ] --START--
INFO: Run Behavior\ContentReplaceBehavior [ RunTime:0.000000s ]
INFO: [ template_filter ] --END-- [ RunTime:0.001000s ]
INFO: Run Behavior\ParseTemplateBehavior [ RunTime:0.007001s ]
INFO: [ view_parse ] --END-- [ RunTime:0.007001s ]
INFO: [ view_filter ] --START--
INFO: Run Behavior\WriteHtmlCacheBehavior [ RunTime:0.001000s ]
INFO: Run Behavior\TokenBuildBehavior [ RunTime:0.001000s ]
INFO: [ view_filter ] --END-- [ RunTime:0.002000s ]
INFO: [ app_end ] --START--
INFO: Run Behavior\ShowPageTraceBehavior [ RunTime:0.001000s ]
INFO: [ app_end ] --END-- [ RunTime:0.001000s ]

[ 2016-06-15T22:06:33+08:00 ] 127.0.0.1 /index.php/Admin/Index/top.html
INFO: [ app_init ] --START--
INFO: Run Behavior\BuildLiteBehavior [ RunTime:0.000000s ]
INFO: [ app_init ] --END-- [ RunTime:0.001000s ]
INFO: [ app_begin ] --START--
INFO: Run Behavior\ReadHtmlCacheBehavior [ RunTime:0.001000s ]
INFO: [ app_begin ] --END-- [ RunTime:0.002000s ]
SQL: SHOW COLUMNS FROM `tzl_admin` [ RunTime:0.0040s ]
SQL: SHOW COLUMNS FROM `tzl_admin_role` [ RunTime:0.0030s ]
SQL: SELECT DISTINCT a.admin_id,c.c_name,c.m_name,c.a_name FROM tzl_admin_role a LEFT JOIN  tzl_role_pri b ON a.role_id=b.role_id LEFT JOIN tzl_privilege c ON  b.pri_id=c.id   WHERE `admin_id` = '1' AND `c_name` <> '' AND `id` is not null   [ RunTime:0.0010s ]
INFO: [ view_parse ] --START--
INFO: [ template_filter ] --START--
INFO: Run Behavior\ContentReplaceBehavior [ RunTime:0.000000s ]
INFO: [ template_filter ] --END-- [ RunTime:0.000000s ]
INFO: Run Behavior\ParseTemplateBehavior [ RunTime:0.008000s ]
INFO: [ view_parse ] --END-- [ RunTime:0.009000s ]
INFO: [ view_filter ] --START--
INFO: Run Behavior\WriteHtmlCacheBehavior [ RunTime:0.000000s ]
INFO: Run Behavior\TokenBuildBehavior [ RunTime:0.001000s ]
INFO: [ view_filter ] --END-- [ RunTime:0.001000s ]
INFO: [ app_end ] --START--
INFO: Run Behavior\ShowPageTraceBehavior [ RunTime:0.001000s ]
INFO: [ app_end ] --END-- [ RunTime:0.001000s ]

[ 2016-06-15T22:06:33+08:00 ] 127.0.0.1 /index.php/Admin/Index/menu.html
INFO: [ app_init ] --START--
INFO: Run Behavior\BuildLiteBehavior [ RunTime:0.000000s ]
INFO: [ app_init ] --END-- [ RunTime:0.000000s ]
INFO: [ app_begin ] --START--
INFO: Run Behavior\ReadHtmlCacheBehavior [ RunTime:0.001000s ]
INFO: [ app_begin ] --END-- [ RunTime:0.001000s ]
SQL: SHOW COLUMNS FROM `tzl_admin` [ RunTime:0.0050s ]
SQL: SHOW COLUMNS FROM `tzl_admin_role` [ RunTime:0.0050s ]
SQL: SELECT DISTINCT a.admin_id,c.c_name,c.m_name,c.a_name FROM tzl_admin_role a LEFT JOIN  tzl_role_pri b ON a.role_id=b.role_id LEFT JOIN tzl_privilege c ON  b.pri_id=c.id   WHERE `admin_id` = '1' AND `c_name` <> '' AND `id` is not null   [ RunTime:0.0010s ]
SQL: SHOW COLUMNS FROM `tzl_privilege` [ RunTime:0.0040s ]
SQL: SELECT * FROM `tzl_privilege` ORDER BY sort_num ASC  [ RunTime:0.0000s ]
INFO: [ view_parse ] --START--
INFO: [ template_filter ] --START--
INFO: Run Behavior\ContentReplaceBehavior [ RunTime:0.000000s ]
INFO: [ template_filter ] --END-- [ RunTime:0.000000s ]
INFO: Run Behavior\ParseTemplateBehavior [ RunTime:0.011001s ]
INFO: [ view_parse ] --END-- [ RunTime:0.012001s ]
INFO: [ view_filter ] --START--
INFO: Run Behavior\WriteHtmlCacheBehavior [ RunTime:0.000000s ]
INFO: Run Behavior\TokenBuildBehavior [ RunTime:0.001000s ]
INFO: [ view_filter ] --END-- [ RunTime:0.001000s ]
INFO: [ app_end ] --START--
INFO: Run Behavior\ShowPageTraceBehavior [ RunTime:0.000000s ]
INFO: [ app_end ] --END-- [ RunTime:0.002000s ]

[ 2016-06-15T22:06:33+08:00 ] 127.0.0.1 /index.php/Admin/Index/main.html
INFO: [ app_init ] --START--
INFO: Run Behavior\BuildLiteBehavior [ RunTime:0.000000s ]
INFO: [ app_init ] --END-- [ RunTime:0.000000s ]
INFO: [ app_begin ] --START--
INFO: Run Behavior\ReadHtmlCacheBehavior [ RunTime:0.000000s ]
INFO: [ app_begin ] --END-- [ RunTime:0.001000s ]
SQL: SHOW COLUMNS FROM `tzl_admin` [ RunTime:0.0040s ]
SQL: SHOW COLUMNS FROM `tzl_admin_role` [ RunTime:0.0040s ]
SQL: SELECT DISTINCT a.admin_id,c.c_name,c.m_name,c.a_name FROM tzl_admin_role a LEFT JOIN  tzl_role_pri b ON a.role_id=b.role_id LEFT JOIN tzl_privilege c ON  b.pri_id=c.id   WHERE `admin_id` = '1' AND `c_name` <> '' AND `id` is not null   [ RunTime:0.0010s ]
INFO: [ view_parse ] --START--
INFO: [ template_filter ] --START--
INFO: Run Behavior\ContentReplaceBehavior [ RunTime:0.000000s ]
INFO: [ template_filter ] --END-- [ RunTime:0.000000s ]
INFO: Run Behavior\ParseTemplateBehavior [ RunTime:0.009000s ]
INFO: [ view_parse ] --END-- [ RunTime:0.009000s ]
INFO: [ view_filter ] --START--
INFO: Run Behavior\WriteHtmlCacheBehavior [ RunTime:0.001000s ]
INFO: Run Behavior\TokenBuildBehavior [ RunTime:0.000000s ]
INFO: [ view_filter ] --END-- [ RunTime:0.002000s ]
INFO: [ app_end ] --START--
INFO: Run Behavior\ShowPageTraceBehavior [ RunTime:0.001000s ]
INFO: [ app_end ] --END-- [ RunTime:0.001000s ]

[ 2016-06-15T22:11:49+08:00 ] 127.0.0.1 /index.php/Admin/Goods/edit/id/1.html
ERR: ‰∏çÂ≠òÂú®ÁöÑÂõæÂÉèÊñá‰ª∂

[ 2016-06-15T22:13:52+08:00 ] 127.0.0.1 /index.php/Admin/Goods/ajaxImg/id/1
INFO: [ app_begin ] --START--
INFO: Run Behavior\ReadHtmlCacheBehavior [ RunTime:0.001000s ]
INFO: [ app_begin ] --END-- [ RunTime:0.001000s ]
SQL: SHOW COLUMNS FROM `tzl_admin` [ RunTime:0.0050s ]
SQL: SHOW COLUMNS FROM `tzl_admin_role` [ RunTime:0.0030s ]
SQL: SELECT DISTINCT a.admin_id,c.c_name,c.m_name,c.a_name FROM tzl_admin_role a LEFT JOIN  tzl_role_pri b ON a.role_id=b.role_id LEFT JOIN tzl_privilege c ON  b.pri_id=c.id   WHERE `admin_id` = '1' AND `c_name` <> '' AND `id` is not null   [ RunTime:0.0010s ]
SQL: SHOW COLUMNS FROM `tzl_goods_pic` [ RunTime:0.0040s ]
SQL: SELECT * FROM `tzl_goods_pic` WHERE `id` = 1 LIMIT 1   [ RunTime:0.0000s ]
NOTIC: [2] unlink(./Public/Uploads/Goods_pic/2016-06-15/57611adcda559.jpg): No such file or directory G:\wamp\www\tp323\Application\Admin\Controller\GoodsController.class.php Á¨¨ 403 Ë°å.
NOTIC: [2] unlink(./Public/Uploads/Goods_pic/2016-06-15/sm_57611adcda559.jpg): No such file or directory G:\wamp\www\tp323\Application\Admin\Controller\GoodsController.class.php Á¨¨ 404 Ë°å.
NOTIC: [2] unlink(./Public/Uploads/Goods_pic/2016-06-15/mid_57611adcda559.jpg): No such file or directory G:\wamp\www\tp323\Application\Admin\Controller\GoodsController.class.php Á¨¨ 405 Ë°å.
NOTIC: [2] unlink(./Public/Uploads/Goods_pic/2016-06-15/big_57611adcda559.jpg): No such file or directory G:\wamp\www\tp323\Application\Admin\Controller\GoodsController.class.php Á¨¨ 406 Ë°å.
SQL: DELETE FROM `tzl_goods_pic` WHERE `id` = 1 [ RunTime:0.1570s ]
INFO: [ app_end ] --START--
INFO: Run Behavior\ShowPageTraceBehavior [ RunTime:0.001000s ]
INFO: [ app_end ] --END-- [ RunTime:0.002000s ]

[ 2016-06-15T22:13:56+08:00 ] 127.0.0.1 /index.php/Admin/Goods/ajaxImg/id/2
INFO: [ app_begin ] --START--
INFO: Run Behavior\ReadHtmlCacheBehavior [ RunTime:0.001000s ]
INFO: [ app_begin ] --END-- [ RunTime:0.002000s ]
SQL: SHOW COLUMNS FROM `tzl_admin` [ RunTime:0.0040s ]
SQL: SHOW COLUMNS FROM `tzl_admin_role` [ RunTime:0.0040s ]
SQL: SELECT DISTINCT a.admin_id,c.c_name,c.m_name,c.a_name FROM tzl_admin_role a LEFT JOIN  tzl_role_pri b ON a.role_id=b.role_id LEFT JOIN tzl_privilege c ON  b.pri_id=c.id   WHERE `admin_id` = '1' AND `c_name` <> '' AND `id` is not null   [ RunTime:0.0010s ]
SQL: SHOW COLUMNS FROM `tzl_goods_pic` [ RunTime:0.0040s ]
SQL: SELECT * FROM `tzl_goods_pic` WHERE `id` = 2 LIMIT 1   [ RunTime:0.0000s ]
NOTIC: [2] unlink(./Public/Uploads/Goods_pic/2016-06-15/57611adcdb8e1.jpg): No such file or directory G:\wamp\www\tp323\Application\Admin\Controller\GoodsController.class.php Á¨¨ 403 Ë°å.
NOTIC: [2] unlink(./Public/Uploads/Goods_pic/2016-06-15/sm_57611adcdb8e1.jpg): No such file or directory G:\wamp\www\tp323\Application\Admin\Controller\GoodsController.class.php Á¨¨ 404 Ë°å.
NOTIC: [2] unlink(./Public/Uploads/Goods_pic/2016-06-15/mid_57611adcdb8e1.jpg): No such file or directory G:\wamp\www\tp323\Application\Admin\Controller\GoodsController.class.php Á¨¨ 405 Ë°å.
NOTIC: [2] unlink(./Public/Uploads/Goods_pic/2016-06-15/big_57611adcdb8e1.jpg): No such file or directory G:\wamp\www\tp323\Application\Admin\Controller\GoodsController.class.php Á¨¨ 406 Ë°å.
SQL: DELETE FROM `tzl_goods_pic` WHERE `id` = 2 [ RunTime:0.2760s ]
INFO: [ app_end ] --START--
INFO: Run Behavior\ShowPageTraceBehavior [ RunTime:0.003000s ]
INFO: [ app_end ] --END-- [ RunTime:0.003000s ]

[ 2016-06-15T22:13:58+08:00 ] 127.0.0.1 /index.php/Admin/Goods/ajaxImg/id/3
INFO: [ app_begin ] --START--
INFO: Run Behavior\ReadHtmlCacheBehavior [ RunTime:0.001000s ]
INFO: [ app_begin ] --END-- [ RunTime:0.002000s ]
SQL: SHOW COLUMNS FROM `tzl_admin` [ RunTime:0.0040s ]
SQL: SHOW COLUMNS FROM `tzl_admin_role` [ RunTime:0.0030s ]
SQL: SELECT DISTINCT a.admin_id,c.c_name,c.m_name,c.a_name FROM tzl_admin_role a LEFT JOIN  tzl_role_pri b ON a.role_id=b.role_id LEFT JOIN tzl_privilege c ON  b.pri_id=c.id   WHERE `admin_id` = '1' AND `c_name` <> '' AND `id` is not null   [ RunTime:0.0010s ]
SQL: SHOW COLUMNS FROM `tzl_goods_pic` [ RunTime:0.0030s ]
SQL: SELECT * FROM `tzl_goods_pic` WHERE `id` = 3 LIMIT 1   [ RunTime:0.0000s ]
NOTIC: [2] unlink(./Public/Uploads/Goods_pic/2016-06-15/57611adcdc881.jpg): No such file or directory G:\wamp\www\tp323\Application\Admin\Controller\GoodsController.class.php Á¨¨ 403 Ë°å.
NOTIC: [2] unlink(./Public/Uploads/Goods_pic/2016-06-15/sm_57611adcdc881.jpg): No such file or directory G:\wamp\www\tp323\Application\Admin\Controller\GoodsController.class.php Á¨¨ 404 Ë°å.
NOTIC: [2] unlink(./Public/Uploads/Goods_pic/2016-06-15/mid_57611adcdc881.jpg): No such file or directory G:\wamp\www\tp323\Application\Admin\Controller\GoodsController.class.php Á¨¨ 405 Ë°å.
NOTIC: [2] unlink(./Public/Uploads/Goods_pic/2016-06-15/big_57611adcdc881.jpg): No such file or directory G:\wamp\www\tp323\Application\Admin\Controller\GoodsController.class.php Á¨¨ 406 Ë°å.
SQL: DELETE FROM `tzl_goods_pic` WHERE `id` = 3 [ RunTime:0.2640s ]
INFO: [ app_end ] --START--
INFO: Run Behavior\ShowPageTraceBehavior [ RunTime:0.003001s ]
INFO: [ app_end ] --END-- [ RunTime:0.003001s ]

[ 2016-06-15T22:14:00+08:00 ] 127.0.0.1 /index.php/Admin/Goods/ajaxImg/id/4
INFO: [ app_begin ] --START--
INFO: Run Behavior\ReadHtmlCacheBehavior [ RunTime:0.001000s ]
INFO: [ app_begin ] --END-- [ RunTime:0.002000s ]
SQL: SHOW COLUMNS FROM `tzl_admin` [ RunTime:0.0040s ]
SQL: SHOW COLUMNS FROM `tzl_admin_role` [ RunTime:0.0040s ]
SQL: SELECT DISTINCT a.admin_id,c.c_name,c.m_name,c.a_name FROM tzl_admin_role a LEFT JOIN  tzl_role_pri b ON a.role_id=b.role_id LEFT JOIN tzl_privilege c ON  b.pri_id=c.id   WHERE `admin_id` = '1' AND `c_name` <> '' AND `id` is not null   [ RunTime:0.0000s ]
SQL: SHOW COLUMNS FROM `tzl_goods_pic` [ RunTime:0.0040s ]
SQL: SELECT * FROM `tzl_goods_pic` WHERE `id` = 4 LIMIT 1   [ RunTime:0.0010s ]
NOTIC: [2] unlink(./Public/Uploads/Goods_pic/2016-06-15/57611adcdd821.jpg): No such file or directory G:\wamp\www\tp323\Application\Admin\Controller\GoodsController.class.php Á¨¨ 403 Ë°å.
NOTIC: [2] unlink(./Public/Uploads/Goods_pic/2016-06-15/sm_57611adcdd821.jpg): No such file or directory G:\wamp\www\tp323\Application\Admin\Controller\GoodsController.class.php Á¨¨ 404 Ë°å.
NOTIC: [2] unlink(./Public/Uploads/Goods_pic/2016-06-15/mid_57611adcdd821.jpg): No such file or directory G:\wamp\www\tp323\Application\Admin\Controller\GoodsController.class.php Á¨¨ 405 Ë°å.
NOTIC: [2] unlink(./Public/Uploads/Goods_pic/2016-06-15/big_57611adcdd821.jpg): No such file or directory G:\wamp\www\tp323\Application\Admin\Controller\GoodsController.class.php Á¨¨ 406 Ë°å.
SQL: DELETE FROM `tzl_goods_pic` WHERE `id` = 4 [ RunTime:0.4470s ]
INFO: [ app_end ] --START--
INFO: Run Behavior\ShowPageTraceBehavior [ RunTime:0.003000s ]
INFO: [ app_end ] --END-- [ RunTime:0.003000s ]

[ 2016-06-15T22:14:01+08:00 ] 127.0.0.1 /index.php/Admin/Goods/ajaxImg/id/5
INFO: [ app_begin ] --START--
INFO: Run Behavior\ReadHtmlCacheBehavior [ RunTime:0.001000s ]
INFO: [ app_begin ] --END-- [ RunTime:0.003000s ]
SQL: SHOW COLUMNS FROM `tzl_admin` [ RunTime:0.0040s ]
SQL: SHOW COLUMNS FROM `tzl_admin_role` [ RunTime:0.0040s ]
SQL: SELECT DISTINCT a.admin_id,c.c_name,c.m_name,c.a_name FROM tzl_admin_role a LEFT JOIN  tzl_role_pri b ON a.role_id=b.role_id LEFT JOIN tzl_privilege c ON  b.pri_id=c.id   WHERE `admin_id` = '1' AND `c_name` <> '' AND `id` is not null   [ RunTime:0.0010s ]
SQL: SHOW COLUMNS FROM `tzl_goods_pic` [ RunTime:0.0030s ]
SQL: SELECT * FROM `tzl_goods_pic` WHERE `id` = 5 LIMIT 1   [ RunTime:0.0000s ]
NOTIC: [2] unlink(./Public/Uploads/Goods_pic/2016-06-15/57611adcdebaa.jpg): No such file or directory G:\wamp\www\tp323\Application\Admin\Controller\GoodsController.class.php Á¨¨ 403 Ë°å.
NOTIC: [2] unlink(./Public/Uploads/Goods_pic/2016-06-15/sm_57611adcdebaa.jpg): No such file or directory G:\wamp\www\tp323\Application\Admin\Controller\GoodsController.class.php Á¨¨ 404 Ë°å.
NOTIC: [2] unlink(./Public/Uploads/Goods_pic/2016-06-15/mid_57611adcdebaa.jpg): No such file or directory G:\wamp\www\tp323\Application\Admin\Controller\GoodsController.class.php Á¨¨ 405 Ë°å.
NOTIC: [2] unlink(./Public/Uploads/Goods_pic/2016-06-15/big_57611adcdebaa.jpg): No such file or directory G:\wamp\www\tp323\Application\Admin\Controller\GoodsController.class.php Á¨¨ 406 Ë°å.
SQL: DELETE FROM `tzl_goods_pic` WHERE `id` = 5 [ RunTime:0.0860s ]
INFO: [ app_end ] --START--
INFO: Run Behavior\ShowPageTraceBehavior [ RunTime:0.003000s ]
INFO: [ app_end ] --END-- [ RunTime:0.003000s ]

[ 2016-06-15T22:14:23+08:00 ] 127.0.0.1 /index.php/Admin/Goods/ajaxGetAttr/tid/1
INFO: [ app_begin ] --START--
INFO: Run Behavior\ReadHtmlCacheBehavior [ RunTime:0.001000s ]
INFO: [ app_begin ] --END-- [ RunTime:0.003000s ]
SQL: SHOW COLUMNS FROM `tzl_admin` [ RunTime:0.0040s ]
SQL: SHOW COLUMNS FROM `tzl_admin_role` [ RunTime:0.0030s ]
SQL: SELECT DISTINCT a.admin_id,c.c_name,c.m_name,c.a_name FROM tzl_admin_role a LEFT JOIN  tzl_role_pri b ON a.role_id=b.role_id LEFT JOIN tzl_privilege c ON  b.pri_id=c.id   WHERE `admin_id` = '1' AND `c_name` <> '' AND `id` is not null   [ RunTime:0.0000s ]
SQL: SHOW COLUMNS FROM `tzl_attribute` [ RunTime:0.0040s ]
SQL: SELECT * FROM `tzl_attribute` WHERE ( type_id=1 )  [ RunTime:0.0010s ]
INFO: [ app_end ] --START--
INFO: Run Behavior\ShowPageTraceBehavior [ RunTime:0.001000s ]
INFO: [ app_end ] --END-- [ RunTime:0.001000s ]

[ 2016-06-15T22:14:40+08:00 ] 127.0.0.1 /index.php/Admin/Goods/ajaxGetAttr/tid/1
INFO: [ app_begin ] --START--
INFO: Run Behavior\ReadHtmlCacheBehavior [ RunTime:0.001000s ]
INFO: [ app_begin ] --END-- [ RunTime:0.001000s ]
SQL: SHOW COLUMNS FROM `tzl_admin` [ RunTime:0.0040s ]
SQL: SHOW COLUMNS FROM `tzl_admin_role` [ RunTime:0.0030s ]
SQL: SELECT DISTINCT a.admin_id,c.c_name,c.m_name,c.a_name FROM tzl_admin_role a LEFT JOIN  tzl_role_pri b ON a.role_id=b.role_id LEFT JOIN tzl_privilege c ON  b.pri_id=c.id   WHERE `admin_id` = '1' AND `c_name` <> '' AND `id` is not null   [ RunTime:0.0010s ]
SQL: SHOW COLUMNS FROM `tzl_attribute` [ RunTime:0.0030s ]
SQL: SELECT * FROM `tzl_attribute` WHERE ( type_id=1 )  [ RunTime:0.0000s ]
INFO: [ app_end ] --START--
INFO: Run Behavior\ShowPageTraceBehavior [ RunTime:0.001000s ]
INFO: [ app_end ] --END-- [ RunTime:0.001000s ]

[ 2016-06-15T22:18:02+08:00 ] 127.0.0.1 /index.php/Admin/Goods/edit/id/2.html
ERR: ‰∏çÂ≠òÂú®ÁöÑÂõæÂÉèÊñá‰ª∂

[ 2016-06-15T22:19:26+08:00 ] 127.0.0.1 /index.php/Admin/Goods/edit/id/2.html
ERR: ‰∏çÂ≠òÂú®ÁöÑÂõæÂÉèÊñá‰ª∂

[ 2016-06-15T22:19:55+08:00 ] 127.0.0.1 /index.php/Admin/Goods/edit/id/2.html
ERR: ‰∏çÂ≠òÂú®ÁöÑÂõæÂÉèÊñá‰ª∂

[ 2016-06-15T22:20:00+08:00 ] 127.0.0.1 /index.php/Admin/Goods/edit/id/2.html
ERR: ‰∏çÂ≠òÂú®ÁöÑÂõæÂÉèÊñá‰ª∂

[ 2016-06-15T22:20:31+08:00 ] 127.0.0.1 /index.php/Admin/Goods/edit/id/2.html
ERR: ‰∏çÂ≠òÂú®ÁöÑÂõæÂÉèÊñá‰ª∂

[ 2016-06-15T22:20:33+08:00 ] 127.0.0.1 /index.php/Admin/Goods/edit/id/2.html
ERR: ‰∏çÂ≠òÂú®ÁöÑÂõæÂÉèÊñá‰ª∂

[ 2016-06-15T22:23:29+08:00 ] 127.0.0.1 /index.php/Admin/Goods/ajaxGetAttr/tid/1
INFO: [ app_begin ] --START--
INFO: Run Behavior\ReadHtmlCacheBehavior [ RunTime:0.002000s ]
INFO: [ app_begin ] --END-- [ RunTime:0.002000s ]
SQL: SHOW COLUMNS FROM `tzl_admin` [ RunTime:0.0040s ]
SQL: SHOW COLUMNS FROM `tzl_admin_role` [ RunTime:0.0040s ]
SQL: SELECT DISTINCT a.admin_id,c.c_name,c.m_name,c.a_name FROM tzl_admin_role a LEFT JOIN  tzl_role_pri b ON a.role_id=b.role_id LEFT JOIN tzl_privilege c ON  b.pri_id=c.id   WHERE `admin_id` = '1' AND `c_name` <> '' AND `id` is not null   [ RunTime:0.0010s ]
SQL: SHOW COLUMNS FROM `tzl_attribute` [ RunTime:0.0040s ]
SQL: SELECT * FROM `tzl_attribute` WHERE ( type_id=1 )  [ RunTime:0.0010s ]
INFO: [ app_end ] --START--
INFO: Run Behavior\ShowPageTraceBehavior [ RunTime:0.001000s ]
INFO: [ app_end ] --END-- [ RunTime:0.001000s ]

