[ 2016-06-20T11:30:54+08:00 ] 127.0.0.1 /index.php/Admin/Goods/goods_pic/id/3.html
ERR: 不存在的图像文件

[ 2016-06-20T11:31:28+08:00 ] 127.0.0.1 /index.php/Admin/Goods/goods_pic/id/3.html
ERR: 不存在的图像文件

[ 2016-06-20T11:32:53+08:00 ] 127.0.0.1 /index.php/Admin/Goods/goods_pic/id/3.html
ERR: 不存在的图像文件

[ 2016-06-20T11:32:56+08:00 ] 127.0.0.1 /index.php/Admin/Goods/goods_pic/id/3.html
ERR: 不存在的图像文件

[ 2016-06-20T11:33:17+08:00 ] 127.0.0.1 /index.php/Admin/Goods/goods_pic/id/3.html
ERR: 不存在的图像文件

[ 2016-06-20T14:10:04+08:00 ] 127.0.0.1 /index.php/Admin/Goods/ajaxGetAttr/tid/2
INFO: [ app_begin ] --START--
INFO: Run Behavior\ReadHtmlCacheBehavior [ RunTime:0.000000s ]
INFO: [ app_begin ] --END-- [ RunTime:0.001001s ]
SQL: SHOW COLUMNS FROM `tzl_admin` [ RunTime:0.0030s ]
SQL: SHOW COLUMNS FROM `tzl_admin_role` [ RunTime:0.0040s ]
SQL: SELECT DISTINCT a.admin_id,c.c_name,c.m_name,c.a_name FROM tzl_admin_role a LEFT JOIN  tzl_role_pri b ON a.role_id=b.role_id LEFT JOIN tzl_privilege c ON  b.pri_id=c.id   WHERE `admin_id` = '1' AND `c_name` <> '' AND `id` is not null   [ RunTime:0.0000s ]
SQL: SHOW COLUMNS FROM `tzl_attribute` [ RunTime:0.0030s ]
SQL: SELECT * FROM `tzl_attribute` WHERE ( type_id=2 )  [ RunTime:0.0000s ]
INFO: [ app_end ] --START--
INFO: Run Behavior\ShowPageTraceBehavior [ RunTime:0.001000s ]
INFO: [ app_end ] --END-- [ RunTime:0.001000s ]

[ 2016-06-20T14:10:06+08:00 ] 127.0.0.1 /index.php/Admin/Goods/ajaxGetAttr/tid/0
INFO: [ app_begin ] --START--
INFO: Run Behavior\ReadHtmlCacheBehavior [ RunTime:0.001000s ]
INFO: [ app_begin ] --END-- [ RunTime:0.002000s ]
SQL: SHOW COLUMNS FROM `tzl_admin` [ RunTime:0.0040s ]
SQL: SHOW COLUMNS FROM `tzl_admin_role` [ RunTime:0.0030s ]
SQL: SELECT DISTINCT a.admin_id,c.c_name,c.m_name,c.a_name FROM tzl_admin_role a LEFT JOIN  tzl_role_pri b ON a.role_id=b.role_id LEFT JOIN tzl_privilege c ON  b.pri_id=c.id   WHERE `admin_id` = '1' AND `c_name` <> '' AND `id` is not null   [ RunTime:0.0000s ]
SQL: SHOW COLUMNS FROM `tzl_attribute` [ RunTime:0.0040s ]
SQL: SELECT * FROM `tzl_attribute` WHERE ( type_id=0 )  [ RunTime:0.0010s ]
INFO: [ app_end ] --START--
INFO: Run Behavior\ShowPageTraceBehavior [ RunTime:0.001000s ]
INFO: [ app_end ] --END-- [ RunTime:0.001000s ]

[ 2016-06-20T14:10:07+08:00 ] 127.0.0.1 /index.php/Admin/Goods/ajaxGetAttr/tid/1
INFO: [ app_begin ] --START--
INFO: Run Behavior\ReadHtmlCacheBehavior [ RunTime:0.002000s ]
INFO: [ app_begin ] --END-- [ RunTime:0.002000s ]
SQL: SHOW COLUMNS FROM `tzl_admin` [ RunTime:0.0040s ]
SQL: SHOW COLUMNS FROM `tzl_admin_role` [ RunTime:0.0030s ]
SQL: SELECT DISTINCT a.admin_id,c.c_name,c.m_name,c.a_name FROM tzl_admin_role a LEFT JOIN  tzl_role_pri b ON a.role_id=b.role_id LEFT JOIN tzl_privilege c ON  b.pri_id=c.id   WHERE `admin_id` = '1' AND `c_name` <> '' AND `id` is not null   [ RunTime:0.0010s ]
SQL: SHOW COLUMNS FROM `tzl_attribute` [ RunTime:0.0040s ]
SQL: SELECT * FROM `tzl_attribute` WHERE ( type_id=1 )  [ RunTime:0.0010s ]
INFO: [ app_end ] --START--
INFO: Run Behavior\ShowPageTraceBehavior [ RunTime:0.001000s ]
INFO: [ app_end ] --END-- [ RunTime:0.001000s ]

[ 2016-06-20T17:13:17+08:00 ] 127.0.0.1 /index.php/Admin/Goods/ajaxGetAttr/tid/2
INFO: [ app_begin ] --START--
INFO: Run Behavior\ReadHtmlCacheBehavior [ RunTime:0.001000s ]
INFO: [ app_begin ] --END-- [ RunTime:0.002000s ]
SQL: SHOW COLUMNS FROM `tzl_admin` [ RunTime:0.0040s ]
SQL: SHOW COLUMNS FROM `tzl_admin_role` [ RunTime:0.0040s ]
SQL: SELECT DISTINCT a.admin_id,c.c_name,c.m_name,c.a_name FROM tzl_admin_role a LEFT JOIN  tzl_role_pri b ON a.role_id=b.role_id LEFT JOIN tzl_privilege c ON  b.pri_id=c.id   WHERE `admin_id` = '1' AND `c_name` <> '' AND `id` is not null   [ RunTime:0.0000s ]
SQL: SHOW COLUMNS FROM `tzl_attribute` [ RunTime:0.0030s ]
SQL: SELECT * FROM `tzl_attribute` WHERE ( type_id=2 )  [ RunTime:0.0000s ]
INFO: [ app_end ] --START--
INFO: Run Behavior\ShowPageTraceBehavior [ RunTime:0.001000s ]
INFO: [ app_end ] --END-- [ RunTime:0.001000s ]

[ 2016-06-20T17:13:18+08:00 ] 127.0.0.1 /index.php/Admin/Goods/ajaxGetAttr/tid/1
INFO: [ app_begin ] --START--
INFO: Run Behavior\ReadHtmlCacheBehavior [ RunTime:0.001000s ]
INFO: [ app_begin ] --END-- [ RunTime:0.002000s ]
SQL: SHOW COLUMNS FROM `tzl_admin` [ RunTime:0.0040s ]
SQL: SHOW COLUMNS FROM `tzl_admin_role` [ RunTime:0.0030s ]
SQL: SELECT DISTINCT a.admin_id,c.c_name,c.m_name,c.a_name FROM tzl_admin_role a LEFT JOIN  tzl_role_pri b ON a.role_id=b.role_id LEFT JOIN tzl_privilege c ON  b.pri_id=c.id   WHERE `admin_id` = '1' AND `c_name` <> '' AND `id` is not null   [ RunTime:0.0010s ]
SQL: SHOW COLUMNS FROM `tzl_attribute` [ RunTime:0.0040s ]
SQL: SELECT * FROM `tzl_attribute` WHERE ( type_id=1 )  [ RunTime:0.0010s ]
INFO: [ app_end ] --START--
INFO: Run Behavior\ShowPageTraceBehavior [ RunTime:0.001000s ]
INFO: [ app_end ] --END-- [ RunTime:0.001000s ]

[ 2016-06-20T17:13:40+08:00 ] 127.0.0.1 /index.php/Admin/Goods/ajaxGetAttr/tid/1
INFO: [ app_begin ] --START--
INFO: Run Behavior\ReadHtmlCacheBehavior [ RunTime:0.002000s ]
INFO: [ app_begin ] --END-- [ RunTime:0.003000s ]
SQL: SHOW COLUMNS FROM `tzl_admin` [ RunTime:0.0070s ]
SQL: SHOW COLUMNS FROM `tzl_admin_role` [ RunTime:0.0070s ]
SQL: SELECT DISTINCT a.admin_id,c.c_name,c.m_name,c.a_name FROM tzl_admin_role a LEFT JOIN  tzl_role_pri b ON a.role_id=b.role_id LEFT JOIN tzl_privilege c ON  b.pri_id=c.id   WHERE `admin_id` = '1' AND `c_name` <> '' AND `id` is not null   [ RunTime:0.0010s ]
SQL: SHOW COLUMNS FROM `tzl_attribute` [ RunTime:0.0080s ]
SQL: SELECT * FROM `tzl_attribute` WHERE ( type_id=1 )  [ RunTime:0.0000s ]
INFO: [ app_end ] --START--
INFO: Run Behavior\ShowPageTraceBehavior [ RunTime:0.001000s ]
INFO: [ app_end ] --END-- [ RunTime:0.001000s ]

[ 2016-06-20T17:15:23+08:00 ] 127.0.0.1 /index.php/Admin/Goods/ajaxGetAttr/tid/2
INFO: [ app_begin ] --START--
INFO: Run Behavior\ReadHtmlCacheBehavior [ RunTime:0.001000s ]
INFO: [ app_begin ] --END-- [ RunTime:0.002000s ]
SQL: SHOW COLUMNS FROM `tzl_admin` [ RunTime:0.0040s ]
SQL: SHOW COLUMNS FROM `tzl_admin_role` [ RunTime:0.0030s ]
SQL: SELECT DISTINCT a.admin_id,c.c_name,c.m_name,c.a_name FROM tzl_admin_role a LEFT JOIN  tzl_role_pri b ON a.role_id=b.role_id LEFT JOIN tzl_privilege c ON  b.pri_id=c.id   WHERE `admin_id` = '1' AND `c_name` <> '' AND `id` is not null   [ RunTime:0.0010s ]
SQL: SHOW COLUMNS FROM `tzl_attribute` [ RunTime:0.0040s ]
SQL: SELECT * FROM `tzl_attribute` WHERE ( type_id=2 )  [ RunTime:0.0000s ]
INFO: [ app_end ] --START--
INFO: Run Behavior\ShowPageTraceBehavior [ RunTime:0.001000s ]
INFO: [ app_end ] --END-- [ RunTime:0.001000s ]

[ 2016-06-20T17:15:24+08:00 ] 127.0.0.1 /index.php/Admin/Goods/ajaxGetAttr/tid/0
INFO: [ app_begin ] --START--
INFO: Run Behavior\ReadHtmlCacheBehavior [ RunTime:0.002000s ]
INFO: [ app_begin ] --END-- [ RunTime:0.003000s ]
SQL: SHOW COLUMNS FROM `tzl_admin` [ RunTime:0.0050s ]
SQL: SHOW COLUMNS FROM `tzl_admin_role` [ RunTime:0.0050s ]
SQL: SELECT DISTINCT a.admin_id,c.c_name,c.m_name,c.a_name FROM tzl_admin_role a LEFT JOIN  tzl_role_pri b ON a.role_id=b.role_id LEFT JOIN tzl_privilege c ON  b.pri_id=c.id   WHERE `admin_id` = '1' AND `c_name` <> '' AND `id` is not null   [ RunTime:0.0010s ]
SQL: SHOW COLUMNS FROM `tzl_attribute` [ RunTime:0.0040s ]
SQL: SELECT * FROM `tzl_attribute` WHERE ( type_id=0 )  [ RunTime:0.0000s ]
INFO: [ app_end ] --START--
INFO: Run Behavior\ShowPageTraceBehavior [ RunTime:0.001001s ]
INFO: [ app_end ] --END-- [ RunTime:0.001001s ]

[ 2016-06-20T17:15:26+08:00 ] 127.0.0.1 /index.php/Admin/Goods/ajaxGetAttr/tid/1
INFO: [ app_begin ] --START--
INFO: Run Behavior\ReadHtmlCacheBehavior [ RunTime:0.001000s ]
INFO: [ app_begin ] --END-- [ RunTime:0.001000s ]
SQL: SHOW COLUMNS FROM `tzl_admin` [ RunTime:0.0040s ]
SQL: SHOW COLUMNS FROM `tzl_admin_role` [ RunTime:0.0040s ]
SQL: SELECT DISTINCT a.admin_id,c.c_name,c.m_name,c.a_name FROM tzl_admin_role a LEFT JOIN  tzl_role_pri b ON a.role_id=b.role_id LEFT JOIN tzl_privilege c ON  b.pri_id=c.id   WHERE `admin_id` = '1' AND `c_name` <> '' AND `id` is not null   [ RunTime:0.0010s ]
SQL: SHOW COLUMNS FROM `tzl_attribute` [ RunTime:0.0030s ]
SQL: SELECT * FROM `tzl_attribute` WHERE ( type_id=1 )  [ RunTime:0.0000s ]
INFO: [ app_end ] --START--
INFO: Run Behavior\ShowPageTraceBehavior [ RunTime:0.001000s ]
INFO: [ app_end ] --END-- [ RunTime:0.001000s ]

[ 2016-06-20T17:16:09+08:00 ] 127.0.0.1 /index.php/Admin/Goods/ajaxGetAttr/tid/1
INFO: [ app_begin ] --START--
INFO: Run Behavior\ReadHtmlCacheBehavior [ RunTime:0.001000s ]
INFO: [ app_begin ] --END-- [ RunTime:0.002000s ]
SQL: SHOW COLUMNS FROM `tzl_admin` [ RunTime:0.0040s ]
SQL: SHOW COLUMNS FROM `tzl_admin_role` [ RunTime:0.0030s ]
SQL: SELECT DISTINCT a.admin_id,c.c_name,c.m_name,c.a_name FROM tzl_admin_role a LEFT JOIN  tzl_role_pri b ON a.role_id=b.role_id LEFT JOIN tzl_privilege c ON  b.pri_id=c.id   WHERE `admin_id` = '1' AND `c_name` <> '' AND `id` is not null   [ RunTime:0.0010s ]
SQL: SHOW COLUMNS FROM `tzl_attribute` [ RunTime:0.0040s ]
SQL: SELECT * FROM `tzl_attribute` WHERE ( type_id=1 )  [ RunTime:0.0000s ]
INFO: [ app_end ] --START--
INFO: Run Behavior\ShowPageTraceBehavior [ RunTime:0.001000s ]
INFO: [ app_end ] --END-- [ RunTime:0.001000s ]

[ 2016-06-20T17:22:14+08:00 ] 127.0.0.1 /index.php/Admin/Goods/ajaxGetAttr/tid/2
INFO: [ app_begin ] --START--
INFO: Run Behavior\ReadHtmlCacheBehavior [ RunTime:0.001000s ]
INFO: [ app_begin ] --END-- [ RunTime:0.001000s ]
SQL: SHOW COLUMNS FROM `tzl_admin` [ RunTime:0.0030s ]
SQL: SHOW COLUMNS FROM `tzl_admin_role` [ RunTime:0.0040s ]
SQL: SELECT DISTINCT a.admin_id,c.c_name,c.m_name,c.a_name FROM tzl_admin_role a LEFT JOIN  tzl_role_pri b ON a.role_id=b.role_id LEFT JOIN tzl_privilege c ON  b.pri_id=c.id   WHERE `admin_id` = '1' AND `c_name` <> '' AND `id` is not null   [ RunTime:0.0010s ]
SQL: SHOW COLUMNS FROM `tzl_attribute` [ RunTime:0.0040s ]
SQL: SELECT * FROM `tzl_attribute` WHERE ( type_id=2 )  [ RunTime:0.0010s ]
INFO: [ app_end ] --START--
INFO: Run Behavior\ShowPageTraceBehavior [ RunTime:0.001000s ]
INFO: [ app_end ] --END-- [ RunTime:0.001000s ]

[ 2016-06-20T17:22:16+08:00 ] 127.0.0.1 /index.php/Admin/Goods/ajaxGetAttr/tid/1
INFO: [ app_begin ] --START--
INFO: Run Behavior\ReadHtmlCacheBehavior [ RunTime:0.001000s ]
INFO: [ app_begin ] --END-- [ RunTime:0.002000s ]
SQL: SHOW COLUMNS FROM `tzl_admin` [ RunTime:0.0050s ]
SQL: SHOW COLUMNS FROM `tzl_admin_role` [ RunTime:0.0040s ]
SQL: SELECT DISTINCT a.admin_id,c.c_name,c.m_name,c.a_name FROM tzl_admin_role a LEFT JOIN  tzl_role_pri b ON a.role_id=b.role_id LEFT JOIN tzl_privilege c ON  b.pri_id=c.id   WHERE `admin_id` = '1' AND `c_name` <> '' AND `id` is not null   [ RunTime:0.0010s ]
SQL: SHOW COLUMNS FROM `tzl_attribute` [ RunTime:0.0040s ]
SQL: SELECT * FROM `tzl_attribute` WHERE ( type_id=1 )  [ RunTime:0.0000s ]
INFO: [ app_end ] --START--
INFO: Run Behavior\ShowPageTraceBehavior [ RunTime:0.001000s ]
INFO: [ app_end ] --END-- [ RunTime:0.001000s ]

[ 2016-06-20T17:22:28+08:00 ] 127.0.0.1 /index.php/Admin/Goods/ajaxGetAttr/tid/2
INFO: [ app_begin ] --START--
INFO: Run Behavior\ReadHtmlCacheBehavior [ RunTime:0.001000s ]
INFO: [ app_begin ] --END-- [ RunTime:0.001000s ]
SQL: SHOW COLUMNS FROM `tzl_admin` [ RunTime:0.0160s ]
SQL: SHOW COLUMNS FROM `tzl_admin_role` [ RunTime:0.0040s ]
SQL: SELECT DISTINCT a.admin_id,c.c_name,c.m_name,c.a_name FROM tzl_admin_role a LEFT JOIN  tzl_role_pri b ON a.role_id=b.role_id LEFT JOIN tzl_privilege c ON  b.pri_id=c.id   WHERE `admin_id` = '1' AND `c_name` <> '' AND `id` is not null   [ RunTime:0.0010s ]
SQL: SHOW COLUMNS FROM `tzl_attribute` [ RunTime:0.0040s ]
SQL: SELECT * FROM `tzl_attribute` WHERE ( type_id=2 )  [ RunTime:0.0010s ]
INFO: [ app_end ] --START--
INFO: Run Behavior\ShowPageTraceBehavior [ RunTime:0.001000s ]
INFO: [ app_end ] --END-- [ RunTime:0.001000s ]

[ 2016-06-20T17:22:29+08:00 ] 127.0.0.1 /index.php/Admin/Goods/ajaxGetAttr/tid/1
INFO: [ app_begin ] --START--
INFO: Run Behavior\ReadHtmlCacheBehavior [ RunTime:0.002000s ]
INFO: [ app_begin ] --END-- [ RunTime:0.002000s ]
SQL: SHOW COLUMNS FROM `tzl_admin` [ RunTime:0.0040s ]
SQL: SHOW COLUMNS FROM `tzl_admin_role` [ RunTime:0.0030s ]
SQL: SELECT DISTINCT a.admin_id,c.c_name,c.m_name,c.a_name FROM tzl_admin_role a LEFT JOIN  tzl_role_pri b ON a.role_id=b.role_id LEFT JOIN tzl_privilege c ON  b.pri_id=c.id   WHERE `admin_id` = '1' AND `c_name` <> '' AND `id` is not null   [ RunTime:0.0000s ]
SQL: SHOW COLUMNS FROM `tzl_attribute` [ RunTime:0.0040s ]
SQL: SELECT * FROM `tzl_attribute` WHERE ( type_id=1 )  [ RunTime:0.0000s ]
INFO: [ app_end ] --START--
INFO: Run Behavior\ShowPageTraceBehavior [ RunTime:0.000000s ]
INFO: [ app_end ] --END-- [ RunTime:0.001000s ]

[ 2016-06-20T17:24:00+08:00 ] 127.0.0.1 /index.php/Admin/Goods/ajaxGetAttr/tid/2
INFO: [ app_begin ] --START--
INFO: Run Behavior\ReadHtmlCacheBehavior [ RunTime:0.001000s ]
INFO: [ app_begin ] --END-- [ RunTime:0.002000s ]
SQL: SHOW COLUMNS FROM `tzl_admin` [ RunTime:0.0040s ]
SQL: SHOW COLUMNS FROM `tzl_admin_role` [ RunTime:0.0030s ]
SQL: SELECT DISTINCT a.admin_id,c.c_name,c.m_name,c.a_name FROM tzl_admin_role a LEFT JOIN  tzl_role_pri b ON a.role_id=b.role_id LEFT JOIN tzl_privilege c ON  b.pri_id=c.id   WHERE `admin_id` = '1' AND `c_name` <> '' AND `id` is not null   [ RunTime:0.0010s ]
SQL: SHOW COLUMNS FROM `tzl_attribute` [ RunTime:0.0030s ]
SQL: SELECT * FROM `tzl_attribute` WHERE ( type_id=2 )  [ RunTime:0.0000s ]
INFO: [ app_end ] --START--
INFO: Run Behavior\ShowPageTraceBehavior [ RunTime:0.000000s ]
INFO: [ app_end ] --END-- [ RunTime:0.000000s ]

[ 2016-06-20T17:24:02+08:00 ] 127.0.0.1 /index.php/Admin/Goods/ajaxGetAttr/tid/1
INFO: [ app_begin ] --START--
INFO: Run Behavior\ReadHtmlCacheBehavior [ RunTime:0.001000s ]
INFO: [ app_begin ] --END-- [ RunTime:0.002000s ]
SQL: SHOW COLUMNS FROM `tzl_admin` [ RunTime:0.0040s ]
SQL: SHOW COLUMNS FROM `tzl_admin_role` [ RunTime:0.0030s ]
SQL: SELECT DISTINCT a.admin_id,c.c_name,c.m_name,c.a_name FROM tzl_admin_role a LEFT JOIN  tzl_role_pri b ON a.role_id=b.role_id LEFT JOIN tzl_privilege c ON  b.pri_id=c.id   WHERE `admin_id` = '1' AND `c_name` <> '' AND `id` is not null   [ RunTime:0.0010s ]
SQL: SHOW COLUMNS FROM `tzl_attribute` [ RunTime:0.0040s ]
SQL: SELECT * FROM `tzl_attribute` WHERE ( type_id=1 )  [ RunTime:0.0010s ]
INFO: [ app_end ] --START--
INFO: Run Behavior\ShowPageTraceBehavior [ RunTime:0.001000s ]
INFO: [ app_end ] --END-- [ RunTime:0.001000s ]

[ 2016-06-20T17:24:04+08:00 ] 127.0.0.1 /index.php/Admin/Goods/ajaxGetAttr/tid/0
INFO: [ app_begin ] --START--
INFO: Run Behavior\ReadHtmlCacheBehavior [ RunTime:0.001000s ]
INFO: [ app_begin ] --END-- [ RunTime:0.002000s ]
SQL: SHOW COLUMNS FROM `tzl_admin` [ RunTime:0.0040s ]
SQL: SHOW COLUMNS FROM `tzl_admin_role` [ RunTime:0.0040s ]
SQL: SELECT DISTINCT a.admin_id,c.c_name,c.m_name,c.a_name FROM tzl_admin_role a LEFT JOIN  tzl_role_pri b ON a.role_id=b.role_id LEFT JOIN tzl_privilege c ON  b.pri_id=c.id   WHERE `admin_id` = '1' AND `c_name` <> '' AND `id` is not null   [ RunTime:0.0010s ]
SQL: SHOW COLUMNS FROM `tzl_attribute` [ RunTime:0.0030s ]
SQL: SELECT * FROM `tzl_attribute` WHERE ( type_id=0 )  [ RunTime:0.0000s ]
INFO: [ app_end ] --START--
INFO: Run Behavior\ShowPageTraceBehavior [ RunTime:0.001000s ]
INFO: [ app_end ] --END-- [ RunTime:0.001000s ]

[ 2016-06-20T17:24:10+08:00 ] 127.0.0.1 /index.php/Admin/Goods/ajaxGetAttr/tid/2
INFO: [ app_begin ] --START--
INFO: Run Behavior\ReadHtmlCacheBehavior [ RunTime:0.000000s ]
INFO: [ app_begin ] --END-- [ RunTime:0.001000s ]
SQL: SHOW COLUMNS FROM `tzl_admin` [ RunTime:0.0040s ]
SQL: SHOW COLUMNS FROM `tzl_admin_role` [ RunTime:0.0040s ]
SQL: SELECT DISTINCT a.admin_id,c.c_name,c.m_name,c.a_name FROM tzl_admin_role a LEFT JOIN  tzl_role_pri b ON a.role_id=b.role_id LEFT JOIN tzl_privilege c ON  b.pri_id=c.id   WHERE `admin_id` = '1' AND `c_name` <> '' AND `id` is not null   [ RunTime:0.0010s ]
SQL: SHOW COLUMNS FROM `tzl_attribute` [ RunTime:0.0030s ]
SQL: SELECT * FROM `tzl_attribute` WHERE ( type_id=2 )  [ RunTime:0.0000s ]
INFO: [ app_end ] --START--
INFO: Run Behavior\ShowPageTraceBehavior [ RunTime:0.001000s ]
INFO: [ app_end ] --END-- [ RunTime:0.001000s ]

[ 2016-06-20T17:24:12+08:00 ] 127.0.0.1 /index.php/Admin/Goods/ajaxGetAttr/tid/1
INFO: [ app_begin ] --START--
INFO: Run Behavior\ReadHtmlCacheBehavior [ RunTime:0.001000s ]
INFO: [ app_begin ] --END-- [ RunTime:0.002000s ]
SQL: SHOW COLUMNS FROM `tzl_admin` [ RunTime:0.0050s ]
SQL: SHOW COLUMNS FROM `tzl_admin_role` [ RunTime:0.0050s ]
SQL: SELECT DISTINCT a.admin_id,c.c_name,c.m_name,c.a_name FROM tzl_admin_role a LEFT JOIN  tzl_role_pri b ON a.role_id=b.role_id LEFT JOIN tzl_privilege c ON  b.pri_id=c.id   WHERE `admin_id` = '1' AND `c_name` <> '' AND `id` is not null   [ RunTime:0.0010s ]
SQL: SHOW COLUMNS FROM `tzl_attribute` [ RunTime:0.0050s ]
SQL: SELECT * FROM `tzl_attribute` WHERE ( type_id=1 )  [ RunTime:0.0010s ]
INFO: [ app_end ] --START--
INFO: Run Behavior\ShowPageTraceBehavior [ RunTime:0.000000s ]
INFO: [ app_end ] --END-- [ RunTime:0.002000s ]

[ 2016-06-20T17:26:16+08:00 ] 127.0.0.1 /index.php/Admin/Goods/ajaxGetAttr/tid/2
INFO: [ app_begin ] --START--
INFO: Run Behavior\ReadHtmlCacheBehavior [ RunTime:0.000000s ]
INFO: [ app_begin ] --END-- [ RunTime:0.002000s ]
SQL: SHOW COLUMNS FROM `tzl_admin` [ RunTime:0.0050s ]
SQL: SHOW COLUMNS FROM `tzl_admin_role` [ RunTime:0.0640s ]
SQL: SELECT DISTINCT a.admin_id,c.c_name,c.m_name,c.a_name FROM tzl_admin_role a LEFT JOIN  tzl_role_pri b ON a.role_id=b.role_id LEFT JOIN tzl_privilege c ON  b.pri_id=c.id   WHERE `admin_id` = '1' AND `c_name` <> '' AND `id` is not null   [ RunTime:0.0020s ]
SQL: SHOW COLUMNS FROM `tzl_attribute` [ RunTime:0.0100s ]
SQL: SELECT * FROM `tzl_attribute` WHERE ( type_id=2 )  [ RunTime:0.0010s ]
INFO: [ app_end ] --START--
INFO: Run Behavior\ShowPageTraceBehavior [ RunTime:0.002001s ]
INFO: [ app_end ] --END-- [ RunTime:0.002001s ]

[ 2016-06-20T17:26:17+08:00 ] 127.0.0.1 /index.php/Admin/Goods/ajaxGetAttr/tid/1
INFO: [ app_begin ] --START--
INFO: Run Behavior\ReadHtmlCacheBehavior [ RunTime:0.001000s ]
INFO: [ app_begin ] --END-- [ RunTime:0.003000s ]
SQL: SHOW COLUMNS FROM `tzl_admin` [ RunTime:0.0070s ]
SQL: SHOW COLUMNS FROM `tzl_admin_role` [ RunTime:0.0050s ]
SQL: SELECT DISTINCT a.admin_id,c.c_name,c.m_name,c.a_name FROM tzl_admin_role a LEFT JOIN  tzl_role_pri b ON a.role_id=b.role_id LEFT JOIN tzl_privilege c ON  b.pri_id=c.id   WHERE `admin_id` = '1' AND `c_name` <> '' AND `id` is not null   [ RunTime:0.0010s ]
SQL: SHOW COLUMNS FROM `tzl_attribute` [ RunTime:0.0050s ]
SQL: SELECT * FROM `tzl_attribute` WHERE ( type_id=1 )  [ RunTime:0.0010s ]
INFO: [ app_end ] --START--
INFO: Run Behavior\ShowPageTraceBehavior [ RunTime:0.002000s ]
INFO: [ app_end ] --END-- [ RunTime:0.002000s ]

[ 2016-06-20T17:26:19+08:00 ] 127.0.0.1 /index.php/Admin/Goods/ajaxGetAttr/tid/2
INFO: [ app_begin ] --START--
INFO: Run Behavior\ReadHtmlCacheBehavior [ RunTime:0.001000s ]
INFO: [ app_begin ] --END-- [ RunTime:0.003001s ]
SQL: SHOW COLUMNS FROM `tzl_admin` [ RunTime:0.0040s ]
SQL: SHOW COLUMNS FROM `tzl_admin_role` [ RunTime:0.0040s ]
SQL: SELECT DISTINCT a.admin_id,c.c_name,c.m_name,c.a_name FROM tzl_admin_role a LEFT JOIN  tzl_role_pri b ON a.role_id=b.role_id LEFT JOIN tzl_privilege c ON  b.pri_id=c.id   WHERE `admin_id` = '1' AND `c_name` <> '' AND `id` is not null   [ RunTime:0.0000s ]
SQL: SHOW COLUMNS FROM `tzl_attribute` [ RunTime:0.0030s ]
SQL: SELECT * FROM `tzl_attribute` WHERE ( type_id=2 )  [ RunTime:0.0000s ]
INFO: [ app_end ] --START--
INFO: Run Behavior\ShowPageTraceBehavior [ RunTime:0.000000s ]
INFO: [ app_end ] --END-- [ RunTime:0.002000s ]

[ 2016-06-20T17:26:20+08:00 ] 127.0.0.1 /index.php/Admin/Goods/ajaxGetAttr/tid/1
INFO: [ app_begin ] --START--
INFO: Run Behavior\ReadHtmlCacheBehavior [ RunTime:0.001000s ]
INFO: [ app_begin ] --END-- [ RunTime:0.002000s ]
SQL: SHOW COLUMNS FROM `tzl_admin` [ RunTime:0.0080s ]
SQL: SHOW COLUMNS FROM `tzl_admin_role` [ RunTime:0.0070s ]
SQL: SELECT DISTINCT a.admin_id,c.c_name,c.m_name,c.a_name FROM tzl_admin_role a LEFT JOIN  tzl_role_pri b ON a.role_id=b.role_id LEFT JOIN tzl_privilege c ON  b.pri_id=c.id   WHERE `admin_id` = '1' AND `c_name` <> '' AND `id` is not null   [ RunTime:0.0010s ]
SQL: SHOW COLUMNS FROM `tzl_attribute` [ RunTime:0.0070s ]
SQL: SELECT * FROM `tzl_attribute` WHERE ( type_id=1 )  [ RunTime:0.0000s ]
INFO: [ app_end ] --START--
INFO: Run Behavior\ShowPageTraceBehavior [ RunTime:0.001000s ]
INFO: [ app_end ] --END-- [ RunTime:0.002000s ]

[ 2016-06-20T17:26:30+08:00 ] 127.0.0.1 /index.php/Admin/Goods/ajaxGetAttr/tid/2
INFO: [ app_begin ] --START--
INFO: Run Behavior\ReadHtmlCacheBehavior [ RunTime:0.001000s ]
INFO: [ app_begin ] --END-- [ RunTime:0.002000s ]
SQL: SHOW COLUMNS FROM `tzl_admin` [ RunTime:0.0050s ]
SQL: SHOW COLUMNS FROM `tzl_admin_role` [ RunTime:0.0050s ]
SQL: SELECT DISTINCT a.admin_id,c.c_name,c.m_name,c.a_name FROM tzl_admin_role a LEFT JOIN  tzl_role_pri b ON a.role_id=b.role_id LEFT JOIN tzl_privilege c ON  b.pri_id=c.id   WHERE `admin_id` = '1' AND `c_name` <> '' AND `id` is not null   [ RunTime:0.0010s ]
SQL: SHOW COLUMNS FROM `tzl_attribute` [ RunTime:0.0040s ]
SQL: SELECT * FROM `tzl_attribute` WHERE ( type_id=2 )  [ RunTime:0.0000s ]
INFO: [ app_end ] --START--
INFO: Run Behavior\ShowPageTraceBehavior [ RunTime:0.001000s ]
INFO: [ app_end ] --END-- [ RunTime:0.001000s ]

[ 2016-06-20T17:26:31+08:00 ] 127.0.0.1 /index.php/Admin/Goods/ajaxGetAttr/tid/1
INFO: [ app_begin ] --START--
INFO: Run Behavior\ReadHtmlCacheBehavior [ RunTime:0.001000s ]
INFO: [ app_begin ] --END-- [ RunTime:0.001000s ]
SQL: SHOW COLUMNS FROM `tzl_admin` [ RunTime:0.0040s ]
SQL: SHOW COLUMNS FROM `tzl_admin_role` [ RunTime:0.0030s ]
SQL: SELECT DISTINCT a.admin_id,c.c_name,c.m_name,c.a_name FROM tzl_admin_role a LEFT JOIN  tzl_role_pri b ON a.role_id=b.role_id LEFT JOIN tzl_privilege c ON  b.pri_id=c.id   WHERE `admin_id` = '1' AND `c_name` <> '' AND `id` is not null   [ RunTime:0.0000s ]
SQL: SHOW COLUMNS FROM `tzl_attribute` [ RunTime:0.0040s ]
SQL: SELECT * FROM `tzl_attribute` WHERE ( type_id=1 )  [ RunTime:0.0000s ]
INFO: [ app_end ] --START--
INFO: Run Behavior\ShowPageTraceBehavior [ RunTime:0.000000s ]
INFO: [ app_end ] --END-- [ RunTime:0.000000s ]

[ 2016-06-20T17:29:39+08:00 ] 127.0.0.1 /index.php/Admin/Goods/ajaxGetAttr/tid/2
INFO: [ app_begin ] --START--
INFO: Run Behavior\ReadHtmlCacheBehavior [ RunTime:0.002000s ]
INFO: [ app_begin ] --END-- [ RunTime:0.002000s ]
SQL: SHOW COLUMNS FROM `tzl_admin` [ RunTime:0.0040s ]
SQL: SHOW COLUMNS FROM `tzl_admin_role` [ RunTime:0.0030s ]
SQL: SELECT DISTINCT a.admin_id,c.c_name,c.m_name,c.a_name FROM tzl_admin_role a LEFT JOIN  tzl_role_pri b ON a.role_id=b.role_id LEFT JOIN tzl_privilege c ON  b.pri_id=c.id   WHERE `admin_id` = '1' AND `c_name` <> '' AND `id` is not null   [ RunTime:0.0010s ]
SQL: SHOW COLUMNS FROM `tzl_attribute` [ RunTime:0.0030s ]
SQL: SELECT * FROM `tzl_attribute` WHERE ( type_id=2 )  [ RunTime:0.0000s ]
INFO: [ app_end ] --START--
INFO: Run Behavior\ShowPageTraceBehavior [ RunTime:0.001000s ]
INFO: [ app_end ] --END-- [ RunTime:0.001000s ]

[ 2016-06-20T17:29:40+08:00 ] 127.0.0.1 /index.php/Admin/Goods/ajaxGetAttr/tid/1
INFO: [ app_begin ] --START--
INFO: Run Behavior\ReadHtmlCacheBehavior [ RunTime:0.002000s ]
INFO: [ app_begin ] --END-- [ RunTime:0.002000s ]
SQL: SHOW COLUMNS FROM `tzl_admin` [ RunTime:0.0040s ]
SQL: SHOW COLUMNS FROM `tzl_admin_role` [ RunTime:0.0030s ]
SQL: SELECT DISTINCT a.admin_id,c.c_name,c.m_name,c.a_name FROM tzl_admin_role a LEFT JOIN  tzl_role_pri b ON a.role_id=b.role_id LEFT JOIN tzl_privilege c ON  b.pri_id=c.id   WHERE `admin_id` = '1' AND `c_name` <> '' AND `id` is not null   [ RunTime:0.0010s ]
SQL: SHOW COLUMNS FROM `tzl_attribute` [ RunTime:0.0030s ]
SQL: SELECT * FROM `tzl_attribute` WHERE ( type_id=1 )  [ RunTime:0.0000s ]
INFO: [ app_end ] --START--
INFO: Run Behavior\ShowPageTraceBehavior [ RunTime:0.001000s ]
INFO: [ app_end ] --END-- [ RunTime:0.001000s ]

[ 2016-06-20T17:29:42+08:00 ] 127.0.0.1 /index.php/Admin/Goods/ajaxGetAttr/tid/0
INFO: [ app_begin ] --START--
INFO: Run Behavior\ReadHtmlCacheBehavior [ RunTime:0.001000s ]
INFO: [ app_begin ] --END-- [ RunTime:0.002000s ]
SQL: SHOW COLUMNS FROM `tzl_admin` [ RunTime:0.0030s ]
SQL: SHOW COLUMNS FROM `tzl_admin_role` [ RunTime:0.0040s ]
SQL: SELECT DISTINCT a.admin_id,c.c_name,c.m_name,c.a_name FROM tzl_admin_role a LEFT JOIN  tzl_role_pri b ON a.role_id=b.role_id LEFT JOIN tzl_privilege c ON  b.pri_id=c.id   WHERE `admin_id` = '1' AND `c_name` <> '' AND `id` is not null   [ RunTime:0.0010s ]
SQL: SHOW COLUMNS FROM `tzl_attribute` [ RunTime:0.0040s ]
SQL: SELECT * FROM `tzl_attribute` WHERE ( type_id=0 )  [ RunTime:0.0010s ]
INFO: [ app_end ] --START--
INFO: Run Behavior\ShowPageTraceBehavior [ RunTime:0.001000s ]
INFO: [ app_end ] --END-- [ RunTime:0.001000s ]

[ 2016-06-20T17:29:43+08:00 ] 127.0.0.1 /index.php/Admin/Goods/ajaxGetAttr/tid/1
INFO: [ app_begin ] --START--
INFO: Run Behavior\ReadHtmlCacheBehavior [ RunTime:0.001000s ]
INFO: [ app_begin ] --END-- [ RunTime:0.002000s ]
SQL: SHOW COLUMNS FROM `tzl_admin` [ RunTime:0.0040s ]
SQL: SHOW COLUMNS FROM `tzl_admin_role` [ RunTime:0.0040s ]
SQL: SELECT DISTINCT a.admin_id,c.c_name,c.m_name,c.a_name FROM tzl_admin_role a LEFT JOIN  tzl_role_pri b ON a.role_id=b.role_id LEFT JOIN tzl_privilege c ON  b.pri_id=c.id   WHERE `admin_id` = '1' AND `c_name` <> '' AND `id` is not null   [ RunTime:0.0010s ]
SQL: SHOW COLUMNS FROM `tzl_attribute` [ RunTime:0.0030s ]
SQL: SELECT * FROM `tzl_attribute` WHERE ( type_id=1 )  [ RunTime:0.0000s ]
INFO: [ app_end ] --START--
INFO: Run Behavior\ShowPageTraceBehavior [ RunTime:0.001000s ]
INFO: [ app_end ] --END-- [ RunTime:0.001000s ]

[ 2016-06-20T17:38:51+08:00 ] 127.0.0.1 /index.php/Admin/Goods/ajaxGetAttr/tid/2
INFO: [ app_begin ] --START--
INFO: Run Behavior\ReadHtmlCacheBehavior [ RunTime:0.000000s ]
INFO: [ app_begin ] --END-- [ RunTime:0.001000s ]
SQL: SHOW COLUMNS FROM `tzl_admin` [ RunTime:0.0030s ]
SQL: SHOW COLUMNS FROM `tzl_admin_role` [ RunTime:0.0040s ]
SQL: SELECT DISTINCT a.admin_id,c.c_name,c.m_name,c.a_name FROM tzl_admin_role a LEFT JOIN  tzl_role_pri b ON a.role_id=b.role_id LEFT JOIN tzl_privilege c ON  b.pri_id=c.id   WHERE `admin_id` = '1' AND `c_name` <> '' AND `id` is not null   [ RunTime:0.0010s ]
SQL: SHOW COLUMNS FROM `tzl_attribute` [ RunTime:0.0030s ]
SQL: SELECT * FROM `tzl_attribute` WHERE ( type_id=2 )  [ RunTime:0.0000s ]
INFO: [ app_end ] --START--
INFO: Run Behavior\ShowPageTraceBehavior [ RunTime:0.001000s ]
INFO: [ app_end ] --END-- [ RunTime:0.001000s ]

[ 2016-06-20T17:38:52+08:00 ] 127.0.0.1 /index.php/Admin/Goods/ajaxGetAttr/tid/1
INFO: [ app_begin ] --START--
INFO: Run Behavior\ReadHtmlCacheBehavior [ RunTime:0.001000s ]
INFO: [ app_begin ] --END-- [ RunTime:0.002000s ]
SQL: SHOW COLUMNS FROM `tzl_admin` [ RunTime:0.0070s ]
SQL: SHOW COLUMNS FROM `tzl_admin_role` [ RunTime:0.0060s ]
SQL: SELECT DISTINCT a.admin_id,c.c_name,c.m_name,c.a_name FROM tzl_admin_role a LEFT JOIN  tzl_role_pri b ON a.role_id=b.role_id LEFT JOIN tzl_privilege c ON  b.pri_id=c.id   WHERE `admin_id` = '1' AND `c_name` <> '' AND `id` is not null   [ RunTime:0.0010s ]
SQL: SHOW COLUMNS FROM `tzl_attribute` [ RunTime:0.0050s ]
SQL: SELECT * FROM `tzl_attribute` WHERE ( type_id=1 )  [ RunTime:0.0010s ]
INFO: [ app_end ] --START--
INFO: Run Behavior\ShowPageTraceBehavior [ RunTime:0.001000s ]
INFO: [ app_end ] --END-- [ RunTime:0.001000s ]

[ 2016-06-20T17:38:54+08:00 ] 127.0.0.1 /index.php/Admin/Goods/ajaxGetAttr/tid/0
INFO: [ app_begin ] --START--
INFO: Run Behavior\ReadHtmlCacheBehavior [ RunTime:0.001000s ]
INFO: [ app_begin ] --END-- [ RunTime:0.002000s ]
SQL: SHOW COLUMNS FROM `tzl_admin` [ RunTime:0.0050s ]
SQL: SHOW COLUMNS FROM `tzl_admin_role` [ RunTime:0.0050s ]
SQL: SELECT DISTINCT a.admin_id,c.c_name,c.m_name,c.a_name FROM tzl_admin_role a LEFT JOIN  tzl_role_pri b ON a.role_id=b.role_id LEFT JOIN tzl_privilege c ON  b.pri_id=c.id   WHERE `admin_id` = '1' AND `c_name` <> '' AND `id` is not null   [ RunTime:0.0010s ]
SQL: SHOW COLUMNS FROM `tzl_attribute` [ RunTime:0.0050s ]
SQL: SELECT * FROM `tzl_attribute` WHERE ( type_id=0 )  [ RunTime:0.0000s ]
INFO: [ app_end ] --START--
INFO: Run Behavior\ShowPageTraceBehavior [ RunTime:0.001001s ]
INFO: [ app_end ] --END-- [ RunTime:0.001001s ]

[ 2016-06-20T17:38:55+08:00 ] 127.0.0.1 /index.php/Admin/Goods/ajaxGetAttr/tid/1
INFO: [ app_begin ] --START--
INFO: Run Behavior\ReadHtmlCacheBehavior [ RunTime:0.000000s ]
INFO: [ app_begin ] --END-- [ RunTime:0.001000s ]
SQL: SHOW COLUMNS FROM `tzl_admin` [ RunTime:0.0040s ]
SQL: SHOW COLUMNS FROM `tzl_admin_role` [ RunTime:0.0030s ]
SQL: SELECT DISTINCT a.admin_id,c.c_name,c.m_name,c.a_name FROM tzl_admin_role a LEFT JOIN  tzl_role_pri b ON a.role_id=b.role_id LEFT JOIN tzl_privilege c ON  b.pri_id=c.id   WHERE `admin_id` = '1' AND `c_name` <> '' AND `id` is not null   [ RunTime:0.0010s ]
SQL: SHOW COLUMNS FROM `tzl_attribute` [ RunTime:0.0040s ]
SQL: SELECT * FROM `tzl_attribute` WHERE ( type_id=1 )  [ RunTime:0.0000s ]
INFO: [ app_end ] --START--
INFO: Run Behavior\ShowPageTraceBehavior [ RunTime:0.000000s ]
INFO: [ app_end ] --END-- [ RunTime:0.000000s ]

