[ 2016-06-13T10:32:20+08:00 ] 127.0.0.1 /index.php/Admin/Goods/ajaxGetAttr/tid/4
INFO: [ app_begin ] --START--
INFO: Run Behavior\ReadHtmlCacheBehavior [ RunTime:0.001000s ]
INFO: [ app_begin ] --END-- [ RunTime:0.001000s ]
SQL: SHOW COLUMNS FROM `tzl_admin` [ RunTime:0.0030s ]
SQL: SHOW COLUMNS FROM `tzl_admin_role` [ RunTime:0.0030s ]
SQL: SELECT DISTINCT a.admin_id,c.c_name,c.m_name,c.a_name FROM tzl_admin_role a LEFT JOIN  tzl_role_pri b ON a.role_id=b.role_id LEFT JOIN tzl_privilege c ON  b.pri_id=c.id   WHERE `admin_id` = '1' AND `c_name` <> '' AND `id` is not null   [ RunTime:0.0000s ]
SQL: SHOW COLUMNS FROM `tzl_attribute` [ RunTime:0.1850s ]
SQL: SELECT * FROM `tzl_attribute` WHERE ( type_id=4 )  [ RunTime:0.0010s ]
INFO: [ app_end ] --START--
INFO: Run Behavior\ShowPageTraceBehavior [ RunTime:0.003000s ]
INFO: [ app_end ] --END-- [ RunTime:0.003000s ]

[ 2016-06-13T10:32:22+08:00 ] 127.0.0.1 /index.php/Admin/Goods/ajaxGetAttr/tid/1
INFO: [ app_begin ] --START--
INFO: Run Behavior\ReadHtmlCacheBehavior [ RunTime:0.001000s ]
INFO: [ app_begin ] --END-- [ RunTime:0.002000s ]
SQL: SHOW COLUMNS FROM `tzl_admin` [ RunTime:0.0030s ]
SQL: SHOW COLUMNS FROM `tzl_admin_role` [ RunTime:0.0030s ]
SQL: SELECT DISTINCT a.admin_id,c.c_name,c.m_name,c.a_name FROM tzl_admin_role a LEFT JOIN  tzl_role_pri b ON a.role_id=b.role_id LEFT JOIN tzl_privilege c ON  b.pri_id=c.id   WHERE `admin_id` = '1' AND `c_name` <> '' AND `id` is not null   [ RunTime:0.0000s ]
SQL: SHOW COLUMNS FROM `tzl_attribute` [ RunTime:0.0030s ]
SQL: SELECT * FROM `tzl_attribute` WHERE ( type_id=1 )  [ RunTime:0.0010s ]
INFO: [ app_end ] --START--
INFO: Run Behavior\ShowPageTraceBehavior [ RunTime:0.001000s ]
INFO: [ app_end ] --END-- [ RunTime:0.001000s ]

[ 2016-06-13T10:32:24+08:00 ] 127.0.0.1 /index.php/Admin/Goods/ajaxGetAttr/tid/2
INFO: [ app_begin ] --START--
INFO: Run Behavior\ReadHtmlCacheBehavior [ RunTime:0.000000s ]
INFO: [ app_begin ] --END-- [ RunTime:0.001001s ]
SQL: SHOW COLUMNS FROM `tzl_admin` [ RunTime:0.0040s ]
SQL: SHOW COLUMNS FROM `tzl_admin_role` [ RunTime:0.0030s ]
SQL: SELECT DISTINCT a.admin_id,c.c_name,c.m_name,c.a_name FROM tzl_admin_role a LEFT JOIN  tzl_role_pri b ON a.role_id=b.role_id LEFT JOIN tzl_privilege c ON  b.pri_id=c.id   WHERE `admin_id` = '1' AND `c_name` <> '' AND `id` is not null   [ RunTime:0.0010s ]
SQL: SHOW COLUMNS FROM `tzl_attribute` [ RunTime:0.0030s ]
SQL: SELECT * FROM `tzl_attribute` WHERE ( type_id=2 )  [ RunTime:0.0000s ]
INFO: [ app_end ] --START--
INFO: Run Behavior\ShowPageTraceBehavior [ RunTime:0.001001s ]
INFO: [ app_end ] --END-- [ RunTime:0.001001s ]

[ 2016-06-13T10:32:25+08:00 ] 127.0.0.1 /index.php/Admin/Goods/ajaxGetAttr/tid/3
INFO: [ app_begin ] --START--
INFO: Run Behavior\ReadHtmlCacheBehavior [ RunTime:0.001000s ]
INFO: [ app_begin ] --END-- [ RunTime:0.001000s ]
SQL: SHOW COLUMNS FROM `tzl_admin` [ RunTime:0.0030s ]
SQL: SHOW COLUMNS FROM `tzl_admin_role` [ RunTime:0.0030s ]
SQL: SELECT DISTINCT a.admin_id,c.c_name,c.m_name,c.a_name FROM tzl_admin_role a LEFT JOIN  tzl_role_pri b ON a.role_id=b.role_id LEFT JOIN tzl_privilege c ON  b.pri_id=c.id   WHERE `admin_id` = '1' AND `c_name` <> '' AND `id` is not null   [ RunTime:0.0010s ]
SQL: SHOW COLUMNS FROM `tzl_attribute` [ RunTime:0.0030s ]
SQL: SELECT * FROM `tzl_attribute` WHERE ( type_id=3 )  [ RunTime:0.0000s ]
INFO: [ app_end ] --START--
INFO: Run Behavior\ShowPageTraceBehavior [ RunTime:0.001000s ]
INFO: [ app_end ] --END-- [ RunTime:0.001000s ]

[ 2016-06-13T10:32:26+08:00 ] 127.0.0.1 /index.php/Admin/Goods/ajaxGetAttr/tid/4
INFO: [ app_begin ] --START--
INFO: Run Behavior\ReadHtmlCacheBehavior [ RunTime:0.001000s ]
INFO: [ app_begin ] --END-- [ RunTime:0.002001s ]
SQL: SHOW COLUMNS FROM `tzl_admin` [ RunTime:0.0030s ]
SQL: SHOW COLUMNS FROM `tzl_admin_role` [ RunTime:0.0020s ]
SQL: SELECT DISTINCT a.admin_id,c.c_name,c.m_name,c.a_name FROM tzl_admin_role a LEFT JOIN  tzl_role_pri b ON a.role_id=b.role_id LEFT JOIN tzl_privilege c ON  b.pri_id=c.id   WHERE `admin_id` = '1' AND `c_name` <> '' AND `id` is not null   [ RunTime:0.0010s ]
SQL: SHOW COLUMNS FROM `tzl_attribute` [ RunTime:0.0020s ]
SQL: SELECT * FROM `tzl_attribute` WHERE ( type_id=4 )  [ RunTime:0.0000s ]
INFO: [ app_end ] --START--
INFO: Run Behavior\ShowPageTraceBehavior [ RunTime:0.001000s ]
INFO: [ app_end ] --END-- [ RunTime:0.001000s ]

[ 2016-06-13T10:34:58+08:00 ] 127.0.0.1 /index.php/Admin/Goods/ajaxGetAttr/tid/4
INFO: [ app_begin ] --START--
INFO: Run Behavior\ReadHtmlCacheBehavior [ RunTime:0.001000s ]
INFO: [ app_begin ] --END-- [ RunTime:0.002000s ]
SQL: SHOW COLUMNS FROM `tzl_admin` [ RunTime:0.0030s ]
SQL: SHOW COLUMNS FROM `tzl_admin_role` [ RunTime:0.0020s ]
SQL: SELECT DISTINCT a.admin_id,c.c_name,c.m_name,c.a_name FROM tzl_admin_role a LEFT JOIN  tzl_role_pri b ON a.role_id=b.role_id LEFT JOIN tzl_privilege c ON  b.pri_id=c.id   WHERE `admin_id` = '1' AND `c_name` <> '' AND `id` is not null   [ RunTime:0.0010s ]
SQL: SHOW COLUMNS FROM `tzl_attribute` [ RunTime:0.0030s ]
SQL: SELECT * FROM `tzl_attribute` WHERE ( type_id=4 )  [ RunTime:0.0010s ]
INFO: [ app_end ] --START--
INFO: Run Behavior\ShowPageTraceBehavior [ RunTime:0.001000s ]
INFO: [ app_end ] --END-- [ RunTime:0.001000s ]

[ 2016-06-13T10:39:33+08:00 ] 127.0.0.1 /index.php/Admin/Goods/ajaxGetAttr/tid/4
INFO: [ app_begin ] --START--
INFO: Run Behavior\ReadHtmlCacheBehavior [ RunTime:0.000000s ]
INFO: [ app_begin ] --END-- [ RunTime:0.002000s ]
SQL: SHOW COLUMNS FROM `tzl_admin` [ RunTime:0.0030s ]
SQL: SHOW COLUMNS FROM `tzl_admin_role` [ RunTime:0.0030s ]
SQL: SELECT DISTINCT a.admin_id,c.c_name,c.m_name,c.a_name FROM tzl_admin_role a LEFT JOIN  tzl_role_pri b ON a.role_id=b.role_id LEFT JOIN tzl_privilege c ON  b.pri_id=c.id   WHERE `admin_id` = '1' AND `c_name` <> '' AND `id` is not null   [ RunTime:0.0010s ]
SQL: SHOW COLUMNS FROM `tzl_attribute` [ RunTime:0.0030s ]
SQL: SELECT * FROM `tzl_attribute` WHERE ( type_id=4 )  [ RunTime:0.0010s ]
INFO: [ app_end ] --START--
INFO: Run Behavior\ShowPageTraceBehavior [ RunTime:0.001000s ]
INFO: [ app_end ] --END-- [ RunTime:0.001000s ]

[ 2016-06-13T10:41:08+08:00 ] 127.0.0.1 /index.php/Admin/Goods/ajaxGetAttr/tid/4
INFO: [ app_begin ] --START--
INFO: Run Behavior\ReadHtmlCacheBehavior [ RunTime:0.001000s ]
INFO: [ app_begin ] --END-- [ RunTime:0.001000s ]
SQL: SHOW COLUMNS FROM `tzl_admin` [ RunTime:0.0030s ]
SQL: SHOW COLUMNS FROM `tzl_admin_role` [ RunTime:0.0020s ]
SQL: SELECT DISTINCT a.admin_id,c.c_name,c.m_name,c.a_name FROM tzl_admin_role a LEFT JOIN  tzl_role_pri b ON a.role_id=b.role_id LEFT JOIN tzl_privilege c ON  b.pri_id=c.id   WHERE `admin_id` = '1' AND `c_name` <> '' AND `id` is not null   [ RunTime:0.0010s ]
SQL: SHOW COLUMNS FROM `tzl_attribute` [ RunTime:0.0030s ]
SQL: SELECT * FROM `tzl_attribute` WHERE ( type_id=4 )  [ RunTime:0.0000s ]
INFO: [ app_end ] --START--
INFO: Run Behavior\ShowPageTraceBehavior [ RunTime:0.001000s ]
INFO: [ app_end ] --END-- [ RunTime:0.001000s ]

[ 2016-06-13T11:09:50+08:00 ] 127.0.0.1 /index.php/Admin/Goods/goods_arrt/id/2.html
ERR: 1064:You have an error in your SQL syntax; check the manual that corresponds to your MySQL server version for the right syntax to use near ')' at line 1
 [ SQL语句 ] : SELECT * FROM `tzl_goods_attr` WHERE ( goods_id= ) 

[ 2016-06-13T11:16:49+08:00 ] 127.0.0.1 /index.php/Admin/Goods/ajaxGetAttr/tid/4
INFO: [ app_begin ] --START--
INFO: Run Behavior\ReadHtmlCacheBehavior [ RunTime:0.001000s ]
INFO: [ app_begin ] --END-- [ RunTime:0.002000s ]
SQL: SHOW COLUMNS FROM `tzl_admin` [ RunTime:0.0030s ]
SQL: SHOW COLUMNS FROM `tzl_admin_role` [ RunTime:0.0020s ]
SQL: SELECT DISTINCT a.admin_id,c.c_name,c.m_name,c.a_name FROM tzl_admin_role a LEFT JOIN  tzl_role_pri b ON a.role_id=b.role_id LEFT JOIN tzl_privilege c ON  b.pri_id=c.id   WHERE `admin_id` = '1' AND `c_name` <> '' AND `id` is not null   [ RunTime:0.0010s ]
SQL: SHOW COLUMNS FROM `tzl_attribute` [ RunTime:0.0020s ]
SQL: SELECT * FROM `tzl_attribute` WHERE ( type_id=4 )  [ RunTime:0.0000s ]
INFO: [ app_end ] --START--
INFO: Run Behavior\ShowPageTraceBehavior [ RunTime:0.001001s ]
INFO: [ app_end ] --END-- [ RunTime:0.001001s ]

[ 2016-06-13T11:17:24+08:00 ] 127.0.0.1 /index.php/Admin/Goods/ajaxGetAttr/tid/4
INFO: [ app_begin ] --START--
INFO: Run Behavior\ReadHtmlCacheBehavior [ RunTime:0.001000s ]
INFO: [ app_begin ] --END-- [ RunTime:0.001000s ]
SQL: SHOW COLUMNS FROM `tzl_admin` [ RunTime:0.0040s ]
SQL: SHOW COLUMNS FROM `tzl_admin_role` [ RunTime:0.0040s ]
SQL: SELECT DISTINCT a.admin_id,c.c_name,c.m_name,c.a_name FROM tzl_admin_role a LEFT JOIN  tzl_role_pri b ON a.role_id=b.role_id LEFT JOIN tzl_privilege c ON  b.pri_id=c.id   WHERE `admin_id` = '1' AND `c_name` <> '' AND `id` is not null   [ RunTime:0.0010s ]
SQL: SHOW COLUMNS FROM `tzl_attribute` [ RunTime:0.0030s ]
SQL: SELECT * FROM `tzl_attribute` WHERE ( type_id=4 )  [ RunTime:0.0000s ]
INFO: [ app_end ] --START--
INFO: Run Behavior\ShowPageTraceBehavior [ RunTime:0.001000s ]
INFO: [ app_end ] --END-- [ RunTime:0.001000s ]

[ 2016-06-13T11:23:41+08:00 ] 127.0.0.1 /index.php/Admin/Goods/goods_arrt/id/2.html
ERR: Think\Model:filed方法不存在！

[ 2016-06-13T11:27:26+08:00 ] 127.0.0.1 /index.php/Admin/Goods/ajaxGetAttr/tid/1
INFO: [ app_begin ] --START--
INFO: Run Behavior\ReadHtmlCacheBehavior [ RunTime:0.001000s ]
INFO: [ app_begin ] --END-- [ RunTime:0.001000s ]
SQL: SHOW COLUMNS FROM `tzl_admin` [ RunTime:0.0030s ]
SQL: SHOW COLUMNS FROM `tzl_admin_role` [ RunTime:0.0040s ]
SQL: SELECT DISTINCT a.admin_id,c.c_name,c.m_name,c.a_name FROM tzl_admin_role a LEFT JOIN  tzl_role_pri b ON a.role_id=b.role_id LEFT JOIN tzl_privilege c ON  b.pri_id=c.id   WHERE `admin_id` = '1' AND `c_name` <> '' AND `id` is not null   [ RunTime:0.0010s ]
SQL: SHOW COLUMNS FROM `tzl_attribute` [ RunTime:0.0040s ]
SQL: SELECT * FROM `tzl_attribute` WHERE ( type_id=1 )  [ RunTime:0.0010s ]
INFO: [ app_end ] --START--
INFO: Run Behavior\ShowPageTraceBehavior [ RunTime:0.001000s ]
INFO: [ app_end ] --END-- [ RunTime:0.001000s ]

[ 2016-06-13T11:27:27+08:00 ] 127.0.0.1 /index.php/Admin/Goods/ajaxGetAttr/tid/0
INFO: [ app_begin ] --START--
INFO: Run Behavior\ReadHtmlCacheBehavior [ RunTime:0.001000s ]
INFO: [ app_begin ] --END-- [ RunTime:0.002000s ]
SQL: SHOW COLUMNS FROM `tzl_admin` [ RunTime:0.0030s ]
SQL: SHOW COLUMNS FROM `tzl_admin_role` [ RunTime:0.0030s ]
SQL: SELECT DISTINCT a.admin_id,c.c_name,c.m_name,c.a_name FROM tzl_admin_role a LEFT JOIN  tzl_role_pri b ON a.role_id=b.role_id LEFT JOIN tzl_privilege c ON  b.pri_id=c.id   WHERE `admin_id` = '1' AND `c_name` <> '' AND `id` is not null   [ RunTime:0.0010s ]
SQL: SHOW COLUMNS FROM `tzl_attribute` [ RunTime:0.0030s ]
SQL: SELECT * FROM `tzl_attribute` WHERE ( type_id=0 )  [ RunTime:0.0010s ]
INFO: [ app_end ] --START--
INFO: Run Behavior\ShowPageTraceBehavior [ RunTime:0.000000s ]
INFO: [ app_end ] --END-- [ RunTime:0.001000s ]

[ 2016-06-13T11:35:21+08:00 ] 127.0.0.1 /index.php/Admin/Goods/ajaxGetAttr/tid/1
INFO: [ app_begin ] --START--
INFO: Run Behavior\ReadHtmlCacheBehavior [ RunTime:0.000000s ]
INFO: [ app_begin ] --END-- [ RunTime:0.001000s ]
SQL: SHOW COLUMNS FROM `tzl_admin` [ RunTime:0.0030s ]
SQL: SHOW COLUMNS FROM `tzl_admin_role` [ RunTime:0.0020s ]
SQL: SELECT DISTINCT a.admin_id,c.c_name,c.m_name,c.a_name FROM tzl_admin_role a LEFT JOIN  tzl_role_pri b ON a.role_id=b.role_id LEFT JOIN tzl_privilege c ON  b.pri_id=c.id   WHERE `admin_id` = '1' AND `c_name` <> '' AND `id` is not null   [ RunTime:0.0010s ]
SQL: SHOW COLUMNS FROM `tzl_attribute` [ RunTime:0.0030s ]
SQL: SELECT * FROM `tzl_attribute` WHERE ( type_id=1 )  [ RunTime:0.0000s ]
INFO: [ app_end ] --START--
INFO: Run Behavior\ShowPageTraceBehavior [ RunTime:0.000000s ]
INFO: [ app_end ] --END-- [ RunTime:0.001000s ]

[ 2016-06-13T11:35:23+08:00 ] 127.0.0.1 /index.php/Admin/Goods/ajaxGetAttr/tid/0
INFO: [ app_begin ] --START--
INFO: Run Behavior\ReadHtmlCacheBehavior [ RunTime:0.001000s ]
INFO: [ app_begin ] --END-- [ RunTime:0.001000s ]
SQL: SHOW COLUMNS FROM `tzl_admin` [ RunTime:0.0030s ]
SQL: SHOW COLUMNS FROM `tzl_admin_role` [ RunTime:0.0040s ]
SQL: SELECT DISTINCT a.admin_id,c.c_name,c.m_name,c.a_name FROM tzl_admin_role a LEFT JOIN  tzl_role_pri b ON a.role_id=b.role_id LEFT JOIN tzl_privilege c ON  b.pri_id=c.id   WHERE `admin_id` = '1' AND `c_name` <> '' AND `id` is not null   [ RunTime:0.0010s ]
SQL: SHOW COLUMNS FROM `tzl_attribute` [ RunTime:0.0030s ]
SQL: SELECT * FROM `tzl_attribute` WHERE ( type_id=0 )  [ RunTime:0.0010s ]
INFO: [ app_end ] --START--
INFO: Run Behavior\ShowPageTraceBehavior [ RunTime:0.001000s ]
INFO: [ app_end ] --END-- [ RunTime:0.001000s ]

[ 2016-06-13T12:36:06+08:00 ] 127.0.0.1 /index.php/Admin/Goods/ajaxGetAttr/tid/3
INFO: [ app_begin ] --START--
INFO: Run Behavior\ReadHtmlCacheBehavior [ RunTime:0.001000s ]
INFO: [ app_begin ] --END-- [ RunTime:0.001000s ]
SQL: SHOW COLUMNS FROM `tzl_admin` [ RunTime:0.0030s ]
SQL: SHOW COLUMNS FROM `tzl_admin_role` [ RunTime:0.0030s ]
SQL: SELECT DISTINCT a.admin_id,c.c_name,c.m_name,c.a_name FROM tzl_admin_role a LEFT JOIN  tzl_role_pri b ON a.role_id=b.role_id LEFT JOIN tzl_privilege c ON  b.pri_id=c.id   WHERE `admin_id` = '1' AND `c_name` <> '' AND `id` is not null   [ RunTime:0.0010s ]
SQL: SHOW COLUMNS FROM `tzl_attribute` [ RunTime:0.0030s ]
SQL: SELECT * FROM `tzl_attribute` WHERE ( type_id=3 )  [ RunTime:0.0010s ]
INFO: [ app_end ] --START--
INFO: Run Behavior\ShowPageTraceBehavior [ RunTime:0.001000s ]
INFO: [ app_end ] --END-- [ RunTime:0.001000s ]

[ 2016-06-13T12:36:07+08:00 ] 127.0.0.1 /index.php/Admin/Goods/ajaxGetAttr/tid/0
INFO: [ app_begin ] --START--
INFO: Run Behavior\ReadHtmlCacheBehavior [ RunTime:0.000000s ]
INFO: [ app_begin ] --END-- [ RunTime:0.002000s ]
SQL: SHOW COLUMNS FROM `tzl_admin` [ RunTime:0.0030s ]
SQL: SHOW COLUMNS FROM `tzl_admin_role` [ RunTime:0.0020s ]
SQL: SELECT DISTINCT a.admin_id,c.c_name,c.m_name,c.a_name FROM tzl_admin_role a LEFT JOIN  tzl_role_pri b ON a.role_id=b.role_id LEFT JOIN tzl_privilege c ON  b.pri_id=c.id   WHERE `admin_id` = '1' AND `c_name` <> '' AND `id` is not null   [ RunTime:0.0010s ]
SQL: SHOW COLUMNS FROM `tzl_attribute` [ RunTime:0.0020s ]
SQL: SELECT * FROM `tzl_attribute` WHERE ( type_id=0 )  [ RunTime:0.0000s ]
INFO: [ app_end ] --START--
INFO: Run Behavior\ShowPageTraceBehavior [ RunTime:0.000000s ]
INFO: [ app_end ] --END-- [ RunTime:0.001000s ]

[ 2016-06-13T18:05:12+08:00 ] 127.0.0.1 /index.php/Admin/Goods/ajaxGetAttr/tid/4
INFO: [ app_begin ] --START--
INFO: Run Behavior\ReadHtmlCacheBehavior [ RunTime:0.001000s ]
INFO: [ app_begin ] --END-- [ RunTime:0.001000s ]
SQL: SHOW COLUMNS FROM `tzl_admin` [ RunTime:0.0430s ]
SQL: SHOW COLUMNS FROM `tzl_admin_role` [ RunTime:0.1410s ]
SQL: SELECT DISTINCT a.admin_id,c.c_name,c.m_name,c.a_name FROM tzl_admin_role a LEFT JOIN  tzl_role_pri b ON a.role_id=b.role_id LEFT JOIN tzl_privilege c ON  b.pri_id=c.id   WHERE `admin_id` = '1' AND `c_name` <> '' AND `id` is not null   [ RunTime:0.0020s ]
SQL: SHOW COLUMNS FROM `tzl_attribute` [ RunTime:0.0100s ]
SQL: SELECT * FROM `tzl_attribute` WHERE ( type_id=4 )  [ RunTime:0.0010s ]
INFO: [ app_end ] --START--
INFO: Run Behavior\ShowPageTraceBehavior [ RunTime:0.002000s ]
INFO: [ app_end ] --END-- [ RunTime:0.002000s ]

[ 2016-06-13T18:05:12+08:00 ] 127.0.0.1 /index.php/Admin/Goods/ajaxGetAttr/tid/0
INFO: [ app_begin ] --START--
INFO: Run Behavior\ReadHtmlCacheBehavior [ RunTime:0.001000s ]
INFO: [ app_begin ] --END-- [ RunTime:0.001000s ]
SQL: SHOW COLUMNS FROM `tzl_admin` [ RunTime:0.0040s ]
SQL: SHOW COLUMNS FROM `tzl_admin_role` [ RunTime:0.0030s ]
SQL: SELECT DISTINCT a.admin_id,c.c_name,c.m_name,c.a_name FROM tzl_admin_role a LEFT JOIN  tzl_role_pri b ON a.role_id=b.role_id LEFT JOIN tzl_privilege c ON  b.pri_id=c.id   WHERE `admin_id` = '1' AND `c_name` <> '' AND `id` is not null   [ RunTime:0.0000s ]
SQL: SHOW COLUMNS FROM `tzl_attribute` [ RunTime:0.0030s ]
SQL: SELECT * FROM `tzl_attribute` WHERE ( type_id=0 )  [ RunTime:0.0000s ]
INFO: [ app_end ] --START--
INFO: Run Behavior\ShowPageTraceBehavior [ RunTime:0.001000s ]
INFO: [ app_end ] --END-- [ RunTime:0.001000s ]

[ 2016-06-13T18:05:13+08:00 ] 127.0.0.1 /index.php/Admin/Goods/ajaxGetAttr/tid/2
INFO: [ app_begin ] --START--
INFO: Run Behavior\ReadHtmlCacheBehavior [ RunTime:0.001000s ]
INFO: [ app_begin ] --END-- [ RunTime:0.002000s ]
SQL: SHOW COLUMNS FROM `tzl_admin` [ RunTime:0.0040s ]
SQL: SHOW COLUMNS FROM `tzl_admin_role` [ RunTime:0.0030s ]
SQL: SELECT DISTINCT a.admin_id,c.c_name,c.m_name,c.a_name FROM tzl_admin_role a LEFT JOIN  tzl_role_pri b ON a.role_id=b.role_id LEFT JOIN tzl_privilege c ON  b.pri_id=c.id   WHERE `admin_id` = '1' AND `c_name` <> '' AND `id` is not null   [ RunTime:0.0000s ]
SQL: SHOW COLUMNS FROM `tzl_attribute` [ RunTime:0.0030s ]
SQL: SELECT * FROM `tzl_attribute` WHERE ( type_id=2 )  [ RunTime:0.0000s ]
INFO: [ app_end ] --START--
INFO: Run Behavior\ShowPageTraceBehavior [ RunTime:0.001000s ]
INFO: [ app_end ] --END-- [ RunTime:0.001000s ]

[ 2016-06-13T18:05:15+08:00 ] 127.0.0.1 /index.php/Admin/Goods/ajaxGetAttr/tid/0
INFO: [ app_begin ] --START--
INFO: Run Behavior\ReadHtmlCacheBehavior [ RunTime:0.000000s ]
INFO: [ app_begin ] --END-- [ RunTime:0.001000s ]
SQL: SHOW COLUMNS FROM `tzl_admin` [ RunTime:0.0040s ]
SQL: SHOW COLUMNS FROM `tzl_admin_role` [ RunTime:0.0040s ]
SQL: SELECT DISTINCT a.admin_id,c.c_name,c.m_name,c.a_name FROM tzl_admin_role a LEFT JOIN  tzl_role_pri b ON a.role_id=b.role_id LEFT JOIN tzl_privilege c ON  b.pri_id=c.id   WHERE `admin_id` = '1' AND `c_name` <> '' AND `id` is not null   [ RunTime:0.0020s ]
SQL: SHOW COLUMNS FROM `tzl_attribute` [ RunTime:0.0040s ]
SQL: SELECT * FROM `tzl_attribute` WHERE ( type_id=0 )  [ RunTime:0.0000s ]
INFO: [ app_end ] --START--
INFO: Run Behavior\ShowPageTraceBehavior [ RunTime:0.001000s ]
INFO: [ app_end ] --END-- [ RunTime:0.001000s ]

[ 2016-06-13T18:05:15+08:00 ] 127.0.0.1 /index.php/Admin/Goods/ajaxGetAttr/tid/2
INFO: [ app_begin ] --START--
INFO: Run Behavior\ReadHtmlCacheBehavior [ RunTime:0.001000s ]
INFO: [ app_begin ] --END-- [ RunTime:0.002000s ]
SQL: SHOW COLUMNS FROM `tzl_admin` [ RunTime:0.0040s ]
SQL: SHOW COLUMNS FROM `tzl_admin_role` [ RunTime:0.0030s ]
SQL: SELECT DISTINCT a.admin_id,c.c_name,c.m_name,c.a_name FROM tzl_admin_role a LEFT JOIN  tzl_role_pri b ON a.role_id=b.role_id LEFT JOIN tzl_privilege c ON  b.pri_id=c.id   WHERE `admin_id` = '1' AND `c_name` <> '' AND `id` is not null   [ RunTime:0.0000s ]
SQL: SHOW COLUMNS FROM `tzl_attribute` [ RunTime:0.0030s ]
SQL: SELECT * FROM `tzl_attribute` WHERE ( type_id=2 )  [ RunTime:0.0000s ]
INFO: [ app_end ] --START--
INFO: Run Behavior\ShowPageTraceBehavior [ RunTime:0.000000s ]
INFO: [ app_end ] --END-- [ RunTime:0.001000s ]

[ 2016-06-13T18:05:17+08:00 ] 127.0.0.1 /index.php/Admin/Goods/ajaxGetAttr/tid/3
INFO: [ app_begin ] --START--
INFO: Run Behavior\ReadHtmlCacheBehavior [ RunTime:0.001000s ]
INFO: [ app_begin ] --END-- [ RunTime:0.001000s ]
SQL: SHOW COLUMNS FROM `tzl_admin` [ RunTime:0.0040s ]
SQL: SHOW COLUMNS FROM `tzl_admin_role` [ RunTime:0.0030s ]
SQL: SELECT DISTINCT a.admin_id,c.c_name,c.m_name,c.a_name FROM tzl_admin_role a LEFT JOIN  tzl_role_pri b ON a.role_id=b.role_id LEFT JOIN tzl_privilege c ON  b.pri_id=c.id   WHERE `admin_id` = '1' AND `c_name` <> '' AND `id` is not null   [ RunTime:0.0010s ]
SQL: SHOW COLUMNS FROM `tzl_attribute` [ RunTime:0.0040s ]
SQL: SELECT * FROM `tzl_attribute` WHERE ( type_id=3 )  [ RunTime:0.0000s ]
INFO: [ app_end ] --START--
INFO: Run Behavior\ShowPageTraceBehavior [ RunTime:0.000000s ]
INFO: [ app_end ] --END-- [ RunTime:0.000000s ]

[ 2016-06-13T18:05:18+08:00 ] 127.0.0.1 /index.php/Admin/Goods/ajaxGetAttr/tid/4
INFO: [ app_begin ] --START--
INFO: Run Behavior\ReadHtmlCacheBehavior [ RunTime:0.001000s ]
INFO: [ app_begin ] --END-- [ RunTime:0.001000s ]
SQL: SHOW COLUMNS FROM `tzl_admin` [ RunTime:0.0050s ]
SQL: SHOW COLUMNS FROM `tzl_admin_role` [ RunTime:0.0040s ]
SQL: SELECT DISTINCT a.admin_id,c.c_name,c.m_name,c.a_name FROM tzl_admin_role a LEFT JOIN  tzl_role_pri b ON a.role_id=b.role_id LEFT JOIN tzl_privilege c ON  b.pri_id=c.id   WHERE `admin_id` = '1' AND `c_name` <> '' AND `id` is not null   [ RunTime:0.0010s ]
SQL: SHOW COLUMNS FROM `tzl_attribute` [ RunTime:0.0040s ]
SQL: SELECT * FROM `tzl_attribute` WHERE ( type_id=4 )  [ RunTime:0.0010s ]
INFO: [ app_end ] --START--
INFO: Run Behavior\ShowPageTraceBehavior [ RunTime:0.001000s ]
INFO: [ app_end ] --END-- [ RunTime:0.001000s ]

[ 2016-06-13T18:42:30+08:00 ] 127.0.0.1 /index.php/Admin/Goods/ajaxGetAttr/tid/4
INFO: [ app_begin ] --START--
INFO: Run Behavior\ReadHtmlCacheBehavior [ RunTime:0.000000s ]
INFO: [ app_begin ] --END-- [ RunTime:0.001000s ]
SQL: SHOW COLUMNS FROM `tzl_admin` [ RunTime:0.0040s ]
SQL: SHOW COLUMNS FROM `tzl_admin_role` [ RunTime:0.0030s ]
SQL: SELECT DISTINCT a.admin_id,c.c_name,c.m_name,c.a_name FROM tzl_admin_role a LEFT JOIN  tzl_role_pri b ON a.role_id=b.role_id LEFT JOIN tzl_privilege c ON  b.pri_id=c.id   WHERE `admin_id` = '1' AND `c_name` <> '' AND `id` is not null   [ RunTime:0.0010s ]
SQL: SHOW COLUMNS FROM `tzl_attribute` [ RunTime:0.0040s ]
SQL: SELECT * FROM `tzl_attribute` WHERE ( type_id=4 )  [ RunTime:0.0010s ]
INFO: [ app_end ] --START--
INFO: Run Behavior\ShowPageTraceBehavior [ RunTime:0.001000s ]
INFO: [ app_end ] --END-- [ RunTime:0.001000s ]

[ 2016-06-13T18:46:26+08:00 ] 127.0.0.1 /index.php/Admin/Goods/ajaxGetAttr/tid/4
INFO: [ app_begin ] --START--
INFO: Run Behavior\ReadHtmlCacheBehavior [ RunTime:0.000000s ]
INFO: [ app_begin ] --END-- [ RunTime:0.001000s ]
SQL: SHOW COLUMNS FROM `tzl_admin` [ RunTime:0.0030s ]
SQL: SHOW COLUMNS FROM `tzl_admin_role` [ RunTime:0.0030s ]
SQL: SELECT DISTINCT a.admin_id,c.c_name,c.m_name,c.a_name FROM tzl_admin_role a LEFT JOIN  tzl_role_pri b ON a.role_id=b.role_id LEFT JOIN tzl_privilege c ON  b.pri_id=c.id   WHERE `admin_id` = '1' AND `c_name` <> '' AND `id` is not null   [ RunTime:0.0010s ]
SQL: SHOW COLUMNS FROM `tzl_attribute` [ RunTime:0.0030s ]
SQL: SELECT * FROM `tzl_attribute` WHERE ( type_id=4 )  [ RunTime:0.0000s ]
INFO: [ app_end ] --START--
INFO: Run Behavior\ShowPageTraceBehavior [ RunTime:0.001000s ]
INFO: [ app_end ] --END-- [ RunTime:0.001000s ]

[ 2016-06-13T18:46:30+08:00 ] 127.0.0.1 /index.php/Admin/Goods/ajaxGetAttr/tid/3
INFO: [ app_begin ] --START--
INFO: Run Behavior\ReadHtmlCacheBehavior [ RunTime:0.001000s ]
INFO: [ app_begin ] --END-- [ RunTime:0.002000s ]
SQL: SHOW COLUMNS FROM `tzl_admin` [ RunTime:0.0030s ]
SQL: SHOW COLUMNS FROM `tzl_admin_role` [ RunTime:0.0030s ]
SQL: SELECT DISTINCT a.admin_id,c.c_name,c.m_name,c.a_name FROM tzl_admin_role a LEFT JOIN  tzl_role_pri b ON a.role_id=b.role_id LEFT JOIN tzl_privilege c ON  b.pri_id=c.id   WHERE `admin_id` = '1' AND `c_name` <> '' AND `id` is not null   [ RunTime:0.0010s ]
SQL: SHOW COLUMNS FROM `tzl_attribute` [ RunTime:0.0030s ]
SQL: SELECT * FROM `tzl_attribute` WHERE ( type_id=3 )  [ RunTime:0.0000s ]
INFO: [ app_end ] --START--
INFO: Run Behavior\ShowPageTraceBehavior [ RunTime:0.001000s ]
INFO: [ app_end ] --END-- [ RunTime:0.002000s ]

[ 2016-06-13T18:46:32+08:00 ] 127.0.0.1 /index.php/Admin/Goods/ajaxGetAttr/tid/2
INFO: [ app_begin ] --START--
INFO: Run Behavior\ReadHtmlCacheBehavior [ RunTime:0.001000s ]
INFO: [ app_begin ] --END-- [ RunTime:0.001000s ]
SQL: SHOW COLUMNS FROM `tzl_admin` [ RunTime:0.0040s ]
SQL: SHOW COLUMNS FROM `tzl_admin_role` [ RunTime:0.0040s ]
SQL: SELECT DISTINCT a.admin_id,c.c_name,c.m_name,c.a_name FROM tzl_admin_role a LEFT JOIN  tzl_role_pri b ON a.role_id=b.role_id LEFT JOIN tzl_privilege c ON  b.pri_id=c.id   WHERE `admin_id` = '1' AND `c_name` <> '' AND `id` is not null   [ RunTime:0.0010s ]
SQL: SHOW COLUMNS FROM `tzl_attribute` [ RunTime:0.0030s ]
SQL: SELECT * FROM `tzl_attribute` WHERE ( type_id=2 )  [ RunTime:0.0010s ]
INFO: [ app_end ] --START--
INFO: Run Behavior\ShowPageTraceBehavior [ RunTime:0.001000s ]
INFO: [ app_end ] --END-- [ RunTime:0.001000s ]

[ 2016-06-13T18:46:32+08:00 ] 127.0.0.1 /index.php/Admin/Goods/ajaxGetAttr/tid/1
INFO: [ app_begin ] --START--
INFO: Run Behavior\ReadHtmlCacheBehavior [ RunTime:0.001000s ]
INFO: [ app_begin ] --END-- [ RunTime:0.001000s ]
SQL: SHOW COLUMNS FROM `tzl_admin` [ RunTime:0.0050s ]
SQL: SHOW COLUMNS FROM `tzl_admin_role` [ RunTime:0.0040s ]
SQL: SELECT DISTINCT a.admin_id,c.c_name,c.m_name,c.a_name FROM tzl_admin_role a LEFT JOIN  tzl_role_pri b ON a.role_id=b.role_id LEFT JOIN tzl_privilege c ON  b.pri_id=c.id   WHERE `admin_id` = '1' AND `c_name` <> '' AND `id` is not null   [ RunTime:0.0010s ]
SQL: SHOW COLUMNS FROM `tzl_attribute` [ RunTime:0.0050s ]
SQL: SELECT * FROM `tzl_attribute` WHERE ( type_id=1 )  [ RunTime:0.0010s ]
INFO: [ app_end ] --START--
INFO: Run Behavior\ShowPageTraceBehavior [ RunTime:0.001000s ]
INFO: [ app_end ] --END-- [ RunTime:0.001000s ]

[ 2016-06-13T18:46:34+08:00 ] 127.0.0.1 /index.php/Admin/Goods/ajaxGetAttr/tid/0
INFO: [ app_begin ] --START--
INFO: Run Behavior\ReadHtmlCacheBehavior [ RunTime:0.001000s ]
INFO: [ app_begin ] --END-- [ RunTime:0.002000s ]
SQL: SHOW COLUMNS FROM `tzl_admin` [ RunTime:0.0060s ]
SQL: SHOW COLUMNS FROM `tzl_admin_role` [ RunTime:0.0070s ]
SQL: SELECT DISTINCT a.admin_id,c.c_name,c.m_name,c.a_name FROM tzl_admin_role a LEFT JOIN  tzl_role_pri b ON a.role_id=b.role_id LEFT JOIN tzl_privilege c ON  b.pri_id=c.id   WHERE `admin_id` = '1' AND `c_name` <> '' AND `id` is not null   [ RunTime:0.0010s ]
SQL: SHOW COLUMNS FROM `tzl_attribute` [ RunTime:0.0030s ]
SQL: SELECT * FROM `tzl_attribute` WHERE ( type_id=0 )  [ RunTime:0.0000s ]
INFO: [ app_end ] --START--
INFO: Run Behavior\ShowPageTraceBehavior [ RunTime:0.001000s ]
INFO: [ app_end ] --END-- [ RunTime:0.001000s ]

[ 2016-06-13T19:35:28+08:00 ] 127.0.0.1 /index.php/Admin/Goods/ajaxGetAttr/tid/0
INFO: [ app_begin ] --START--
INFO: Run Behavior\ReadHtmlCacheBehavior [ RunTime:0.001000s ]
INFO: [ app_begin ] --END-- [ RunTime:0.002000s ]
SQL: SHOW COLUMNS FROM `tzl_admin` [ RunTime:0.0060s ]
SQL: SHOW COLUMNS FROM `tzl_admin_role` [ RunTime:0.0050s ]
SQL: SELECT DISTINCT a.admin_id,c.c_name,c.m_name,c.a_name FROM tzl_admin_role a LEFT JOIN  tzl_role_pri b ON a.role_id=b.role_id LEFT JOIN tzl_privilege c ON  b.pri_id=c.id   WHERE `admin_id` = '1' AND `c_name` <> '' AND `id` is not null   [ RunTime:0.0010s ]
SQL: SHOW COLUMNS FROM `tzl_attribute` [ RunTime:0.0050s ]
SQL: SELECT * FROM `tzl_attribute` WHERE ( type_id=0 )  [ RunTime:0.0000s ]
INFO: [ app_end ] --START--
INFO: Run Behavior\ShowPageTraceBehavior [ RunTime:0.001000s ]
INFO: [ app_end ] --END-- [ RunTime:0.001000s ]

[ 2016-06-13T19:35:29+08:00 ] 127.0.0.1 /index.php/Admin/Goods/ajaxGetAttr/tid/1
INFO: [ app_begin ] --START--
INFO: Run Behavior\ReadHtmlCacheBehavior [ RunTime:0.001000s ]
INFO: [ app_begin ] --END-- [ RunTime:0.002000s ]
SQL: SHOW COLUMNS FROM `tzl_admin` [ RunTime:0.0060s ]
SQL: SHOW COLUMNS FROM `tzl_admin_role` [ RunTime:0.0030s ]
SQL: SELECT DISTINCT a.admin_id,c.c_name,c.m_name,c.a_name FROM tzl_admin_role a LEFT JOIN  tzl_role_pri b ON a.role_id=b.role_id LEFT JOIN tzl_privilege c ON  b.pri_id=c.id   WHERE `admin_id` = '1' AND `c_name` <> '' AND `id` is not null   [ RunTime:0.0010s ]
SQL: SHOW COLUMNS FROM `tzl_attribute` [ RunTime:0.0040s ]
SQL: SELECT * FROM `tzl_attribute` WHERE ( type_id=1 )  [ RunTime:0.0000s ]
INFO: [ app_end ] --START--
INFO: Run Behavior\ShowPageTraceBehavior [ RunTime:0.000000s ]
INFO: [ app_end ] --END-- [ RunTime:0.000000s ]

[ 2016-06-13T19:35:30+08:00 ] 127.0.0.1 /index.php/Admin/Goods/ajaxGetAttr/tid/4
INFO: [ app_begin ] --START--
INFO: Run Behavior\ReadHtmlCacheBehavior [ RunTime:0.000000s ]
INFO: [ app_begin ] --END-- [ RunTime:0.002000s ]
SQL: SHOW COLUMNS FROM `tzl_admin` [ RunTime:0.0040s ]
SQL: SHOW COLUMNS FROM `tzl_admin_role` [ RunTime:0.0040s ]
SQL: SELECT DISTINCT a.admin_id,c.c_name,c.m_name,c.a_name FROM tzl_admin_role a LEFT JOIN  tzl_role_pri b ON a.role_id=b.role_id LEFT JOIN tzl_privilege c ON  b.pri_id=c.id   WHERE `admin_id` = '1' AND `c_name` <> '' AND `id` is not null   [ RunTime:0.0010s ]
SQL: SHOW COLUMNS FROM `tzl_attribute` [ RunTime:0.0040s ]
SQL: SELECT * FROM `tzl_attribute` WHERE ( type_id=4 )  [ RunTime:0.0010s ]
INFO: [ app_end ] --START--
INFO: Run Behavior\ShowPageTraceBehavior [ RunTime:0.001000s ]
INFO: [ app_end ] --END-- [ RunTime:0.001000s ]

