[ 2016-06-29T12:51:55+08:00 ] 127.0.0.1 /index.php/Admin/Goods/lst.html
ERR: 1054:Unknown column 'a.goods_brand' in 'on clause'
 [ SQL语句 ] : SELECT a.*,b.logo,b.site FROM tzl_goods a INNER JOIN tzl_brand b ON a.goods_brand=b.id  WHERE `cat_id` IN ('0') ORDER BY addtime desc LIMIT 0,5  

[ 2016-06-29T12:52:02+08:00 ] 127.0.0.1 /index.php/Admin/Goods/lst.html
ERR: 1054:Unknown column 'a.goods_brand' in 'on clause'
 [ SQL语句 ] : SELECT a.*,b.logo,b.site FROM tzl_goods a INNER JOIN tzl_brand b ON a.goods_brand=b.id  WHERE `cat_id` IN ('0') ORDER BY addtime desc LIMIT 0,5  

[ 2016-06-29T12:52:54+08:00 ] 127.0.0.1 /index.php/Admin/Goods/lst.html
ERR: 1054:Unknown column 'a.goods_brand' in 'on clause'
 [ SQL语句 ] : SELECT a.*,b.logo,b.site FROM tzl_goods a INNER JOIN tzl_brand b ON a.goods_brand=b.id  WHERE `cat_id` IN ('0') ORDER BY addtime desc LIMIT 0,5  

[ 2016-06-29T13:01:01+08:00 ] 127.0.0.1 /index.php/Admin/Goods/lst.html
ERR: 1054:Unknown column 'a.goods_brand' in 'on clause'
 [ SQL语句 ] : SELECT a.*,b.logo,b.site FROM tzl_goods a INNER JOIN tzl_brand b ON a.goods_brand=b.id  WHERE `cat_id` IN ('1','4','7','8','5','9','10','12','6','11','2','13','14','3','15','16','0') ORDER BY addtime desc LIMIT 0,5  

[ 2016-06-29T13:23:49+08:00 ] 127.0.0.1 /index.php/Admin/Goods/ajaxGetAttr/tid/3
INFO: [ app_begin ] --START--
INFO: Run Behavior\ReadHtmlCacheBehavior [ RunTime:0.000000s ]
INFO: [ app_begin ] --END-- [ RunTime:0.002000s ]
SQL: SHOW COLUMNS FROM `tzl_admin` [ RunTime:0.0060s ]
SQL: SHOW COLUMNS FROM `tzl_admin_role` [ RunTime:0.0050s ]
SQL: SELECT DISTINCT a.admin_id,c.c_name,c.m_name,c.a_name FROM tzl_admin_role a LEFT JOIN  tzl_role_pri b ON a.role_id=b.role_id LEFT JOIN tzl_privilege c ON  b.pri_id=c.id   WHERE `admin_id` = '1' AND `c_name` <> '' AND `id` is not null   [ RunTime:0.0010s ]
SQL: SHOW COLUMNS FROM `tzl_attribute` [ RunTime:0.0060s ]
SQL: SELECT * FROM `tzl_attribute` WHERE ( type_id=3 )  [ RunTime:0.0000s ]
INFO: [ app_end ] --START--
INFO: Run Behavior\ShowPageTraceBehavior [ RunTime:0.001000s ]
INFO: [ app_end ] --END-- [ RunTime:0.001000s ]

[ 2016-06-29T13:23:50+08:00 ] 127.0.0.1 /index.php/Admin/Goods/ajaxGetAttr/tid/2
INFO: [ app_begin ] --START--
INFO: Run Behavior\ReadHtmlCacheBehavior [ RunTime:0.001000s ]
INFO: [ app_begin ] --END-- [ RunTime:0.001000s ]
SQL: SHOW COLUMNS FROM `tzl_admin` [ RunTime:0.0050s ]
SQL: SHOW COLUMNS FROM `tzl_admin_role` [ RunTime:0.0030s ]
SQL: SELECT DISTINCT a.admin_id,c.c_name,c.m_name,c.a_name FROM tzl_admin_role a LEFT JOIN  tzl_role_pri b ON a.role_id=b.role_id LEFT JOIN tzl_privilege c ON  b.pri_id=c.id   WHERE `admin_id` = '1' AND `c_name` <> '' AND `id` is not null   [ RunTime:0.0010s ]
SQL: SHOW COLUMNS FROM `tzl_attribute` [ RunTime:0.0040s ]
SQL: SELECT * FROM `tzl_attribute` WHERE ( type_id=2 )  [ RunTime:0.0000s ]
INFO: [ app_end ] --START--
INFO: Run Behavior\ShowPageTraceBehavior [ RunTime:0.000000s ]
INFO: [ app_end ] --END-- [ RunTime:0.001000s ]

[ 2016-06-29T13:23:51+08:00 ] 127.0.0.1 /index.php/Admin/Goods/ajaxGetAttr/tid/1
INFO: [ app_begin ] --START--
INFO: Run Behavior\ReadHtmlCacheBehavior [ RunTime:0.001000s ]
INFO: [ app_begin ] --END-- [ RunTime:0.001000s ]
SQL: SHOW COLUMNS FROM `tzl_admin` [ RunTime:0.0040s ]
SQL: SHOW COLUMNS FROM `tzl_admin_role` [ RunTime:0.0040s ]
SQL: SELECT DISTINCT a.admin_id,c.c_name,c.m_name,c.a_name FROM tzl_admin_role a LEFT JOIN  tzl_role_pri b ON a.role_id=b.role_id LEFT JOIN tzl_privilege c ON  b.pri_id=c.id   WHERE `admin_id` = '1' AND `c_name` <> '' AND `id` is not null   [ RunTime:0.0000s ]
SQL: SHOW COLUMNS FROM `tzl_attribute` [ RunTime:0.0040s ]
SQL: SELECT * FROM `tzl_attribute` WHERE ( type_id=1 )  [ RunTime:0.0010s ]
INFO: [ app_end ] --START--
INFO: Run Behavior\ShowPageTraceBehavior [ RunTime:0.001001s ]
INFO: [ app_end ] --END-- [ RunTime:0.001001s ]

[ 2016-06-29T13:24:03+08:00 ] 127.0.0.1 /index.php/Admin/Goods/ajaxGetAttr/tid/2
INFO: [ app_begin ] --START--
INFO: Run Behavior\ReadHtmlCacheBehavior [ RunTime:0.001000s ]
INFO: [ app_begin ] --END-- [ RunTime:0.002000s ]
SQL: SHOW COLUMNS FROM `tzl_admin` [ RunTime:0.0050s ]
SQL: SHOW COLUMNS FROM `tzl_admin_role` [ RunTime:0.0050s ]
SQL: SELECT DISTINCT a.admin_id,c.c_name,c.m_name,c.a_name FROM tzl_admin_role a LEFT JOIN  tzl_role_pri b ON a.role_id=b.role_id LEFT JOIN tzl_privilege c ON  b.pri_id=c.id   WHERE `admin_id` = '1' AND `c_name` <> '' AND `id` is not null   [ RunTime:0.0010s ]
SQL: SHOW COLUMNS FROM `tzl_attribute` [ RunTime:0.0050s ]
SQL: SELECT * FROM `tzl_attribute` WHERE ( type_id=2 )  [ RunTime:0.0010s ]
INFO: [ app_end ] --START--
INFO: Run Behavior\ShowPageTraceBehavior [ RunTime:0.001000s ]
INFO: [ app_end ] --END-- [ RunTime:0.001000s ]

[ 2016-06-29T13:24:04+08:00 ] 127.0.0.1 /index.php/Admin/Goods/ajaxGetAttr/tid/1
INFO: [ app_begin ] --START--
INFO: Run Behavior\ReadHtmlCacheBehavior [ RunTime:0.001000s ]
INFO: [ app_begin ] --END-- [ RunTime:0.002000s ]
SQL: SHOW COLUMNS FROM `tzl_admin` [ RunTime:0.0040s ]
SQL: SHOW COLUMNS FROM `tzl_admin_role` [ RunTime:0.0030s ]
SQL: SELECT DISTINCT a.admin_id,c.c_name,c.m_name,c.a_name FROM tzl_admin_role a LEFT JOIN  tzl_role_pri b ON a.role_id=b.role_id LEFT JOIN tzl_privilege c ON  b.pri_id=c.id   WHERE `admin_id` = '1' AND `c_name` <> '' AND `id` is not null   [ RunTime:0.0000s ]
SQL: SHOW COLUMNS FROM `tzl_attribute` [ RunTime:0.0030s ]
SQL: SELECT * FROM `tzl_attribute` WHERE ( type_id=1 )  [ RunTime:0.0000s ]
INFO: [ app_end ] --START--
INFO: Run Behavior\ShowPageTraceBehavior [ RunTime:0.001000s ]
INFO: [ app_end ] --END-- [ RunTime:0.001000s ]

[ 2016-06-29T13:34:23+08:00 ] 127.0.0.1 /index.php/Admin/Goods/ajaxGetAttr/tid/2
INFO: [ app_begin ] --START--
INFO: Run Behavior\ReadHtmlCacheBehavior [ RunTime:0.001000s ]
INFO: [ app_begin ] --END-- [ RunTime:0.002000s ]
SQL: SHOW COLUMNS FROM `tzl_admin` [ RunTime:0.0040s ]
SQL: SHOW COLUMNS FROM `tzl_admin_role` [ RunTime:0.0030s ]
SQL: SELECT DISTINCT a.admin_id,c.c_name,c.m_name,c.a_name FROM tzl_admin_role a LEFT JOIN  tzl_role_pri b ON a.role_id=b.role_id LEFT JOIN tzl_privilege c ON  b.pri_id=c.id   WHERE `admin_id` = '1' AND `c_name` <> '' AND `id` is not null   [ RunTime:0.0000s ]
SQL: SHOW COLUMNS FROM `tzl_attribute` [ RunTime:0.0040s ]
SQL: SELECT * FROM `tzl_attribute` WHERE ( type_id=2 )  [ RunTime:0.0010s ]
INFO: [ app_end ] --START--
INFO: Run Behavior\ShowPageTraceBehavior [ RunTime:0.001000s ]
INFO: [ app_end ] --END-- [ RunTime:0.001000s ]

[ 2016-06-29T13:34:24+08:00 ] 127.0.0.1 /index.php/Admin/Goods/ajaxGetAttr/tid/1
INFO: [ app_begin ] --START--
INFO: Run Behavior\ReadHtmlCacheBehavior [ RunTime:0.001000s ]
INFO: [ app_begin ] --END-- [ RunTime:0.001000s ]
SQL: SHOW COLUMNS FROM `tzl_admin` [ RunTime:0.0040s ]
SQL: SHOW COLUMNS FROM `tzl_admin_role` [ RunTime:0.0040s ]
SQL: SELECT DISTINCT a.admin_id,c.c_name,c.m_name,c.a_name FROM tzl_admin_role a LEFT JOIN  tzl_role_pri b ON a.role_id=b.role_id LEFT JOIN tzl_privilege c ON  b.pri_id=c.id   WHERE `admin_id` = '1' AND `c_name` <> '' AND `id` is not null   [ RunTime:0.0000s ]
SQL: SHOW COLUMNS FROM `tzl_attribute` [ RunTime:0.0030s ]
SQL: SELECT * FROM `tzl_attribute` WHERE ( type_id=1 )  [ RunTime:0.0000s ]
INFO: [ app_end ] --START--
INFO: Run Behavior\ShowPageTraceBehavior [ RunTime:0.000000s ]
INFO: [ app_end ] --END-- [ RunTime:0.000000s ]

[ 2016-06-29T13:34:32+08:00 ] 127.0.0.1 /index.php/Admin/Goods/ajaxGetAttr/tid/0
INFO: [ app_begin ] --START--
INFO: Run Behavior\ReadHtmlCacheBehavior [ RunTime:0.001000s ]
INFO: [ app_begin ] --END-- [ RunTime:0.001000s ]
SQL: SHOW COLUMNS FROM `tzl_admin` [ RunTime:0.0040s ]
SQL: SHOW COLUMNS FROM `tzl_admin_role` [ RunTime:0.0030s ]
SQL: SELECT DISTINCT a.admin_id,c.c_name,c.m_name,c.a_name FROM tzl_admin_role a LEFT JOIN  tzl_role_pri b ON a.role_id=b.role_id LEFT JOIN tzl_privilege c ON  b.pri_id=c.id   WHERE `admin_id` = '1' AND `c_name` <> '' AND `id` is not null   [ RunTime:0.0010s ]
SQL: SHOW COLUMNS FROM `tzl_attribute` [ RunTime:0.0040s ]
SQL: SELECT * FROM `tzl_attribute` WHERE ( type_id=0 )  [ RunTime:0.0010s ]
INFO: [ app_end ] --START--
INFO: Run Behavior\ShowPageTraceBehavior [ RunTime:0.001001s ]
INFO: [ app_end ] --END-- [ RunTime:0.001001s ]

[ 2016-06-29T13:34:33+08:00 ] 127.0.0.1 /index.php/Admin/Goods/ajaxGetAttr/tid/1
INFO: [ app_begin ] --START--
INFO: Run Behavior\ReadHtmlCacheBehavior [ RunTime:0.001000s ]
INFO: [ app_begin ] --END-- [ RunTime:0.002000s ]
SQL: SHOW COLUMNS FROM `tzl_admin` [ RunTime:0.0030s ]
SQL: SHOW COLUMNS FROM `tzl_admin_role` [ RunTime:0.0030s ]
SQL: SELECT DISTINCT a.admin_id,c.c_name,c.m_name,c.a_name FROM tzl_admin_role a LEFT JOIN  tzl_role_pri b ON a.role_id=b.role_id LEFT JOIN tzl_privilege c ON  b.pri_id=c.id   WHERE `admin_id` = '1' AND `c_name` <> '' AND `id` is not null   [ RunTime:0.0010s ]
SQL: SHOW COLUMNS FROM `tzl_attribute` [ RunTime:0.0030s ]
SQL: SELECT * FROM `tzl_attribute` WHERE ( type_id=1 )  [ RunTime:0.0000s ]
INFO: [ app_end ] --START--
INFO: Run Behavior\ShowPageTraceBehavior [ RunTime:0.001000s ]
INFO: [ app_end ] --END-- [ RunTime:0.001000s ]

[ 2016-06-29T14:27:09+08:00 ] 127.0.0.1 /index.php/Admin/Goods/ajaxGetAttr/tid/3
INFO: [ app_begin ] --START--
INFO: Run Behavior\ReadHtmlCacheBehavior [ RunTime:0.002000s ]
INFO: [ app_begin ] --END-- [ RunTime:0.002000s ]
SQL: SHOW COLUMNS FROM `tzl_admin` [ RunTime:0.0040s ]
SQL: SHOW COLUMNS FROM `tzl_admin_role` [ RunTime:0.0030s ]
SQL: SELECT DISTINCT a.admin_id,c.c_name,c.m_name,c.a_name FROM tzl_admin_role a LEFT JOIN  tzl_role_pri b ON a.role_id=b.role_id LEFT JOIN tzl_privilege c ON  b.pri_id=c.id   WHERE `admin_id` = '1' AND `c_name` <> '' AND `id` is not null   [ RunTime:0.0000s ]
SQL: SHOW COLUMNS FROM `tzl_attribute` [ RunTime:0.0040s ]
SQL: SELECT * FROM `tzl_attribute` WHERE ( type_id=3 )  [ RunTime:0.0010s ]
INFO: [ app_end ] --START--
INFO: Run Behavior\ShowPageTraceBehavior [ RunTime:0.001000s ]
INFO: [ app_end ] --END-- [ RunTime:0.001000s ]

