[ 2016-06-22T09:07:28+08:00 ] 127.0.0.1 /index.php/Front/Index/chklogin.html
INFO: [ app_begin ] --START--
INFO: Run Behavior\ReadHtmlCacheBehavior [ RunTime:0.001000s ]
INFO: [ app_begin ] --END-- [ RunTime:0.001000s ]
INFO: [ app_end ] --START--
INFO: Run Behavior\ShowPageTraceBehavior [ RunTime:0.000000s ]
INFO: [ app_end ] --END-- [ RunTime:0.001000s ]

[ 2016-06-22T09:07:36+08:00 ] 127.0.0.1 /index.php/Front/Index/chklogin.html
INFO: [ app_begin ] --START--
INFO: Run Behavior\ReadHtmlCacheBehavior [ RunTime:0.001000s ]
INFO: [ app_begin ] --END-- [ RunTime:0.002000s ]
INFO: [ app_end ] --START--
INFO: Run Behavior\ShowPageTraceBehavior [ RunTime:0.001000s ]
INFO: [ app_end ] --END-- [ RunTime:0.001000s ]

[ 2016-06-22T09:07:36+08:00 ] 127.0.0.1 /index.php/Front/Index/getPrice/id/3.html
INFO: [ app_begin ] --START--
INFO: Run Behavior\ReadHtmlCacheBehavior [ RunTime:0.000000s ]
INFO: [ app_begin ] --END-- [ RunTime:0.002000s ]
SQL: SHOW COLUMNS FROM `tzl_goods` [ RunTime:0.0030s ]
NOTIC: [8] Undefined variable: goods_id G:\wamp\www\tp323\Application\Admin\Model\GoodsModel.class.php 第 109 行.
SQL: SELECT `shop_price`,`promote_price`,`promote_end`,`promote_start` FROM `tzl_goods` LIMIT 1   [ RunTime:0.0000s ]
SQL: SELECT `shop_price` FROM `tzl_goods` WHERE `id` = 3 LIMIT 1   [ RunTime:0.0000s ]
INFO: [ app_end ] --START--
INFO: Run Behavior\ShowPageTraceBehavior [ RunTime:0.001000s ]
INFO: [ app_end ] --END-- [ RunTime:0.001000s ]

[ 2016-06-22T09:07:36+08:00 ] 127.0.0.1 /index.php/Front/Index/AJAXcategory/id/3.html
INFO: [ app_begin ] --START--
INFO: Run Behavior\ReadHtmlCacheBehavior [ RunTime:0.000000s ]
INFO: [ app_begin ] --END-- [ RunTime:0.001000s ]
SQL: SHOW COLUMNS FROM `tzl_category` [ RunTime:0.0040s ]
SQL: SHOW COLUMNS FROM `tzl_goods` [ RunTime:0.0040s ]
SQL: SELECT * FROM `tzl_goods` WHERE `id` = 3 LIMIT 1   [ RunTime:0.0010s ]
SQL: SELECT * FROM `tzl_category` ORDER BY sort_num ASC  [ RunTime:0.0010s ]
SQL: SELECT * FROM `tzl_category`  [ RunTime:0.0000s ]
INFO: [ app_end ] --START--
INFO: Run Behavior\ShowPageTraceBehavior [ RunTime:0.000000s ]
INFO: [ app_end ] --END-- [ RunTime:0.002000s ]

[ 2016-06-22T09:11:12+08:00 ] 127.0.0.1 /index.php/Front/Index/chklogin.html
INFO: [ app_begin ] --START--
INFO: Run Behavior\ReadHtmlCacheBehavior [ RunTime:0.000000s ]
INFO: [ app_begin ] --END-- [ RunTime:0.002000s ]
INFO: [ app_end ] --START--
INFO: Run Behavior\ShowPageTraceBehavior [ RunTime:0.000000s ]
INFO: [ app_end ] --END-- [ RunTime:0.000000s ]

[ 2016-06-22T09:11:12+08:00 ] 127.0.0.1 /index.php/Front/Index/getPrice/id/3.html
INFO: [ app_begin ] --START--
INFO: Run Behavior\ReadHtmlCacheBehavior [ RunTime:0.001000s ]
INFO: [ app_begin ] --END-- [ RunTime:0.001000s ]
SQL: SHOW COLUMNS FROM `tzl_goods` [ RunTime:0.0030s ]
NOTIC: [8] Undefined variable: goods_id G:\wamp\www\tp323\Application\Admin\Model\GoodsModel.class.php 第 109 行.
SQL: SELECT `shop_price`,`promote_price`,`promote_end`,`promote_start` FROM `tzl_goods` LIMIT 1   [ RunTime:0.0010s ]
SQL: SELECT `shop_price` FROM `tzl_goods` WHERE `id` = 3 LIMIT 1   [ RunTime:0.0000s ]
INFO: [ app_end ] --START--
INFO: Run Behavior\ShowPageTraceBehavior [ RunTime:0.001000s ]
INFO: [ app_end ] --END-- [ RunTime:0.001000s ]

[ 2016-06-22T09:11:12+08:00 ] 127.0.0.1 /index.php/Front/Index/AJAXcategory/id/3.html
INFO: [ app_begin ] --START--
INFO: Run Behavior\ReadHtmlCacheBehavior [ RunTime:0.001000s ]
INFO: [ app_begin ] --END-- [ RunTime:0.002000s ]
SQL: SHOW COLUMNS FROM `tzl_category` [ RunTime:0.0040s ]
SQL: SHOW COLUMNS FROM `tzl_goods` [ RunTime:0.0020s ]
SQL: SELECT * FROM `tzl_goods` WHERE `id` = 3 LIMIT 1   [ RunTime:0.0010s ]
SQL: SELECT * FROM `tzl_category` ORDER BY sort_num ASC  [ RunTime:0.0000s ]
SQL: SELECT * FROM `tzl_category`  [ RunTime:0.0000s ]
INFO: [ app_end ] --START--
INFO: Run Behavior\ShowPageTraceBehavior [ RunTime:0.001000s ]
INFO: [ app_end ] --END-- [ RunTime:0.001000s ]

[ 2016-06-22T09:12:08+08:00 ] 127.0.0.1 /index.php/Front/Index/chklogin.html
INFO: [ app_begin ] --START--
INFO: Run Behavior\ReadHtmlCacheBehavior [ RunTime:0.001000s ]
INFO: [ app_begin ] --END-- [ RunTime:0.003000s ]
INFO: [ app_end ] --START--
INFO: Run Behavior\ShowPageTraceBehavior [ RunTime:0.001000s ]
INFO: [ app_end ] --END-- [ RunTime:0.001000s ]

[ 2016-06-22T09:12:11+08:00 ] 127.0.0.1 /index.php/Front/Index/chklogin.html
INFO: [ app_begin ] --START--
INFO: Run Behavior\ReadHtmlCacheBehavior [ RunTime:0.000000s ]
INFO: [ app_begin ] --END-- [ RunTime:0.001000s ]
INFO: [ app_end ] --START--
INFO: Run Behavior\ShowPageTraceBehavior [ RunTime:0.001000s ]
INFO: [ app_end ] --END-- [ RunTime:0.001000s ]

[ 2016-06-22T09:12:11+08:00 ] 127.0.0.1 /index.php/Front/Index/AJAXcategory/id/3.html
INFO: [ app_begin ] --START--
INFO: Run Behavior\ReadHtmlCacheBehavior [ RunTime:0.001000s ]
INFO: [ app_begin ] --END-- [ RunTime:0.001000s ]
SQL: SHOW COLUMNS FROM `tzl_category` [ RunTime:0.0030s ]
SQL: SHOW COLUMNS FROM `tzl_goods` [ RunTime:0.0030s ]
SQL: SELECT * FROM `tzl_goods` WHERE `id` = 3 LIMIT 1   [ RunTime:0.0010s ]
SQL: SELECT * FROM `tzl_category` ORDER BY sort_num ASC  [ RunTime:0.0000s ]
SQL: SELECT * FROM `tzl_category`  [ RunTime:0.0000s ]
INFO: [ app_end ] --START--
INFO: Run Behavior\ShowPageTraceBehavior [ RunTime:0.000000s ]
INFO: [ app_end ] --END-- [ RunTime:0.001000s ]

[ 2016-06-22T09:12:11+08:00 ] 127.0.0.1 /index.php/Front/Index/getPrice/id/3.html
INFO: [ app_begin ] --START--
INFO: Run Behavior\ReadHtmlCacheBehavior [ RunTime:0.001000s ]
INFO: [ app_begin ] --END-- [ RunTime:0.002000s ]
SQL: SHOW COLUMNS FROM `tzl_goods` [ RunTime:0.0050s ]
NOTIC: [8] Undefined variable: goods_id G:\wamp\www\tp323\Application\Admin\Model\GoodsModel.class.php 第 109 行.
SQL: SELECT `shop_price`,`promote_price`,`promote_end`,`promote_start` FROM `tzl_goods` LIMIT 1   [ RunTime:0.0000s ]
SQL: SELECT `shop_price` FROM `tzl_goods` WHERE `id` = 3 LIMIT 1   [ RunTime:0.0010s ]
SQL: SHOW COLUMNS FROM `tzl_member_price` [ RunTime:0.0040s ]
SQL: SELECT * FROM `tzl_member_price` WHERE `level_id` = 1 AND `goods_id` = 3 LIMIT 1   [ RunTime:0.0010s ]
INFO: [ app_end ] --START--
INFO: Run Behavior\ShowPageTraceBehavior [ RunTime:0.001000s ]
INFO: [ app_end ] --END-- [ RunTime:0.001000s ]

[ 2016-06-22T09:12:14+08:00 ] 127.0.0.1 /index.php/Front/Index/chklogin.html
INFO: [ app_begin ] --START--
INFO: Run Behavior\ReadHtmlCacheBehavior [ RunTime:0.001000s ]
INFO: [ app_begin ] --END-- [ RunTime:0.002000s ]
INFO: [ app_end ] --START--
INFO: Run Behavior\ShowPageTraceBehavior [ RunTime:0.001000s ]
INFO: [ app_end ] --END-- [ RunTime:0.001000s ]

[ 2016-06-22T09:12:14+08:00 ] 127.0.0.1 /index.php/Front/Index/getPrice/id/3.html
INFO: [ app_begin ] --START--
INFO: Run Behavior\ReadHtmlCacheBehavior [ RunTime:0.001000s ]
INFO: [ app_begin ] --END-- [ RunTime:0.001000s ]
SQL: SHOW COLUMNS FROM `tzl_goods` [ RunTime:0.0070s ]
NOTIC: [8] Undefined variable: goods_id G:\wamp\www\tp323\Application\Admin\Model\GoodsModel.class.php 第 109 行.
SQL: SELECT `shop_price`,`promote_price`,`promote_end`,`promote_start` FROM `tzl_goods` LIMIT 1   [ RunTime:0.0000s ]
SQL: SELECT `shop_price` FROM `tzl_goods` WHERE `id` = 3 LIMIT 1   [ RunTime:0.0010s ]
SQL: SHOW COLUMNS FROM `tzl_member_price` [ RunTime:0.0050s ]
SQL: SELECT * FROM `tzl_member_price` WHERE `level_id` = 1 AND `goods_id` = 3 LIMIT 1   [ RunTime:0.0010s ]
INFO: [ app_end ] --START--
INFO: Run Behavior\ShowPageTraceBehavior [ RunTime:0.002000s ]
INFO: [ app_end ] --END-- [ RunTime:0.002000s ]

[ 2016-06-22T09:12:14+08:00 ] 127.0.0.1 /index.php/Front/Index/AJAXcategory/id/3.html
INFO: [ app_begin ] --START--
INFO: Run Behavior\ReadHtmlCacheBehavior [ RunTime:0.001000s ]
INFO: [ app_begin ] --END-- [ RunTime:0.002000s ]
SQL: SHOW COLUMNS FROM `tzl_category` [ RunTime:0.0020s ]
SQL: SHOW COLUMNS FROM `tzl_goods` [ RunTime:0.0030s ]
SQL: SELECT * FROM `tzl_goods` WHERE `id` = 3 LIMIT 1   [ RunTime:0.0000s ]
SQL: SELECT * FROM `tzl_category` ORDER BY sort_num ASC  [ RunTime:0.0000s ]
SQL: SELECT * FROM `tzl_category`  [ RunTime:0.0000s ]
INFO: [ app_end ] --START--
INFO: Run Behavior\ShowPageTraceBehavior [ RunTime:0.001000s ]
INFO: [ app_end ] --END-- [ RunTime:0.001000s ]

[ 2016-06-22T09:13:58+08:00 ] 127.0.0.1 /index.php/Front/Index/chklogin.html
INFO: [ app_begin ] --START--
INFO: Run Behavior\ReadHtmlCacheBehavior [ RunTime:0.001000s ]
INFO: [ app_begin ] --END-- [ RunTime:0.001000s ]
INFO: [ app_end ] --START--
INFO: Run Behavior\ShowPageTraceBehavior [ RunTime:0.001000s ]
INFO: [ app_end ] --END-- [ RunTime:0.001000s ]

[ 2016-06-22T09:14:02+08:00 ] 127.0.0.1 /index.php/Front/Index/chklogin.html
INFO: [ app_begin ] --START--
INFO: Run Behavior\ReadHtmlCacheBehavior [ RunTime:0.001000s ]
INFO: [ app_begin ] --END-- [ RunTime:0.001000s ]
INFO: [ app_end ] --START--
INFO: Run Behavior\ShowPageTraceBehavior [ RunTime:0.001000s ]
INFO: [ app_end ] --END-- [ RunTime:0.001000s ]

[ 2016-06-22T09:14:05+08:00 ] 127.0.0.1 /index.php/Front/Index/chklogin.html
INFO: [ app_begin ] --START--
INFO: Run Behavior\ReadHtmlCacheBehavior [ RunTime:0.001000s ]
INFO: [ app_begin ] --END-- [ RunTime:0.001000s ]
INFO: [ app_end ] --START--
INFO: Run Behavior\ShowPageTraceBehavior [ RunTime:0.001000s ]
INFO: [ app_end ] --END-- [ RunTime:0.001000s ]

[ 2016-06-22T09:14:05+08:00 ] 127.0.0.1 /index.php/Front/Index/getPrice/id/3.html
INFO: [ app_begin ] --START--
INFO: Run Behavior\ReadHtmlCacheBehavior [ RunTime:0.000000s ]
INFO: [ app_begin ] --END-- [ RunTime:0.001000s ]
SQL: SHOW COLUMNS FROM `tzl_goods` [ RunTime:0.0030s ]
NOTIC: [8] Undefined variable: goods_id G:\wamp\www\tp323\Application\Admin\Model\GoodsModel.class.php 第 109 行.
SQL: SELECT `shop_price`,`promote_price`,`promote_end`,`promote_start` FROM `tzl_goods` LIMIT 1   [ RunTime:0.0020s ]
SQL: SELECT `shop_price` FROM `tzl_goods` WHERE `id` = 3 LIMIT 1   [ RunTime:0.0010s ]
SQL: SHOW COLUMNS FROM `tzl_member_price` [ RunTime:0.0030s ]
SQL: SELECT * FROM `tzl_member_price` WHERE `level_id` = 1 AND `goods_id` = 3 LIMIT 1   [ RunTime:0.0010s ]
INFO: [ app_end ] --START--
INFO: Run Behavior\ShowPageTraceBehavior [ RunTime:0.001000s ]
INFO: [ app_end ] --END-- [ RunTime:0.001000s ]

[ 2016-06-22T09:14:05+08:00 ] 127.0.0.1 /index.php/Front/Index/AJAXcategory/id/3.html
INFO: [ app_begin ] --START--
INFO: Run Behavior\ReadHtmlCacheBehavior [ RunTime:0.000000s ]
INFO: [ app_begin ] --END-- [ RunTime:0.001000s ]
SQL: SHOW COLUMNS FROM `tzl_category` [ RunTime:0.0040s ]
SQL: SHOW COLUMNS FROM `tzl_goods` [ RunTime:0.0030s ]
SQL: SELECT * FROM `tzl_goods` WHERE `id` = 3 LIMIT 1   [ RunTime:0.0010s ]
SQL: SELECT * FROM `tzl_category` ORDER BY sort_num ASC  [ RunTime:0.0010s ]
SQL: SELECT * FROM `tzl_category`  [ RunTime:0.0000s ]
INFO: [ app_end ] --START--
INFO: Run Behavior\ShowPageTraceBehavior [ RunTime:0.001000s ]
INFO: [ app_end ] --END-- [ RunTime:0.001000s ]

[ 2016-06-22T09:14:27+08:00 ] 127.0.0.1 /index.php/Front/Index/chklogin.html
INFO: [ app_begin ] --START--
INFO: Run Behavior\ReadHtmlCacheBehavior [ RunTime:0.001000s ]
INFO: [ app_begin ] --END-- [ RunTime:0.001000s ]
INFO: [ app_end ] --START--
INFO: Run Behavior\ShowPageTraceBehavior [ RunTime:0.001000s ]
INFO: [ app_end ] --END-- [ RunTime:0.001000s ]

[ 2016-06-22T09:14:27+08:00 ] 127.0.0.1 /index.php/Front/Index/AJAXcategory/id/3.html
INFO: [ app_begin ] --START--
INFO: Run Behavior\ReadHtmlCacheBehavior [ RunTime:0.001000s ]
INFO: [ app_begin ] --END-- [ RunTime:0.001000s ]
SQL: SHOW COLUMNS FROM `tzl_category` [ RunTime:0.0030s ]
SQL: SHOW COLUMNS FROM `tzl_goods` [ RunTime:0.0030s ]
SQL: SELECT * FROM `tzl_goods` WHERE `id` = 3 LIMIT 1   [ RunTime:0.0000s ]
SQL: SELECT * FROM `tzl_category` ORDER BY sort_num ASC  [ RunTime:0.0000s ]
SQL: SELECT * FROM `tzl_category`  [ RunTime:0.0010s ]
INFO: [ app_end ] --START--
INFO: Run Behavior\ShowPageTraceBehavior [ RunTime:0.001000s ]
INFO: [ app_end ] --END-- [ RunTime:0.001000s ]

[ 2016-06-22T09:14:27+08:00 ] 127.0.0.1 /index.php/Front/Index/getPrice/id/3.html
INFO: [ app_begin ] --START--
INFO: Run Behavior\ReadHtmlCacheBehavior [ RunTime:0.001000s ]
INFO: [ app_begin ] --END-- [ RunTime:0.001000s ]
SQL: SHOW COLUMNS FROM `tzl_goods` [ RunTime:0.0030s ]
NOTIC: [8] Undefined variable: goods_id G:\wamp\www\tp323\Application\Admin\Model\GoodsModel.class.php 第 109 行.
SQL: SELECT `shop_price`,`promote_price`,`promote_end`,`promote_start` FROM `tzl_goods` LIMIT 1   [ RunTime:0.0010s ]
SQL: SELECT `shop_price` FROM `tzl_goods` WHERE `id` = 3 LIMIT 1   [ RunTime:0.0000s ]
SQL: SHOW COLUMNS FROM `tzl_member_price` [ RunTime:0.0030s ]
SQL: SELECT * FROM `tzl_member_price` WHERE `level_id` = 1 AND `goods_id` = 3 LIMIT 1   [ RunTime:0.0010s ]
INFO: [ app_end ] --START--
INFO: Run Behavior\ShowPageTraceBehavior [ RunTime:0.001001s ]
INFO: [ app_end ] --END-- [ RunTime:0.001001s ]

[ 2016-06-22T09:51:29+08:00 ] 127.0.0.1 /index.php/Front/Index/chklogin.html
INFO: [ app_begin ] --START--
INFO: Run Behavior\ReadHtmlCacheBehavior [ RunTime:0.001001s ]
INFO: [ app_begin ] --END-- [ RunTime:0.001001s ]
INFO: [ app_end ] --START--
INFO: Run Behavior\ShowPageTraceBehavior [ RunTime:0.001000s ]
INFO: [ app_end ] --END-- [ RunTime:0.001000s ]

[ 2016-06-22T12:38:06+08:00 ] 127.0.0.1 /index.php/Front/Index/chklogin.html
INFO: [ app_begin ] --START--
INFO: Run Behavior\ReadHtmlCacheBehavior [ RunTime:0.001000s ]
INFO: [ app_begin ] --END-- [ RunTime:0.002000s ]
INFO: [ app_end ] --START--
INFO: Run Behavior\ShowPageTraceBehavior [ RunTime:0.001001s ]
INFO: [ app_end ] --END-- [ RunTime:0.001001s ]

[ 2016-06-22T12:38:08+08:00 ] 127.0.0.1 /index.php/Front/Index/chklogin.html
INFO: [ app_begin ] --START--
INFO: Run Behavior\ReadHtmlCacheBehavior [ RunTime:0.001000s ]
INFO: [ app_begin ] --END-- [ RunTime:0.001000s ]
INFO: [ app_end ] --START--
INFO: Run Behavior\ShowPageTraceBehavior [ RunTime:0.001000s ]
INFO: [ app_end ] --END-- [ RunTime:0.001000s ]

[ 2016-06-22T12:38:08+08:00 ] 127.0.0.1 /index.php/Front/Index/getPrice/id/3.html
INFO: [ app_begin ] --START--
INFO: Run Behavior\ReadHtmlCacheBehavior [ RunTime:0.001000s ]
INFO: [ app_begin ] --END-- [ RunTime:0.002001s ]
SQL: SHOW COLUMNS FROM `tzl_goods` [ RunTime:0.0040s ]
NOTIC: [8] Undefined variable: goods_id G:\wamp\www\tp323\Application\Admin\Model\GoodsModel.class.php 第 109 行.
SQL: SELECT `shop_price`,`promote_price`,`promote_end`,`promote_start` FROM `tzl_goods` LIMIT 1   [ RunTime:0.0010s ]
SQL: SELECT `shop_price` FROM `tzl_goods` WHERE `id` = 3 LIMIT 1   [ RunTime:0.0000s ]
INFO: [ app_end ] --START--
INFO: Run Behavior\ShowPageTraceBehavior [ RunTime:0.000000s ]
INFO: [ app_end ] --END-- [ RunTime:0.001000s ]

[ 2016-06-22T12:38:08+08:00 ] 127.0.0.1 /index.php/Front/Index/AJAXcategory/id/3.html
INFO: [ app_begin ] --START--
INFO: Run Behavior\ReadHtmlCacheBehavior [ RunTime:0.000000s ]
INFO: [ app_begin ] --END-- [ RunTime:0.002000s ]
SQL: SHOW COLUMNS FROM `tzl_category` [ RunTime:0.0040s ]
SQL: SHOW COLUMNS FROM `tzl_goods` [ RunTime:0.0040s ]
SQL: SELECT * FROM `tzl_goods` WHERE `id` = 3 LIMIT 1   [ RunTime:0.0010s ]
SQL: SELECT * FROM `tzl_category` ORDER BY sort_num ASC  [ RunTime:0.0010s ]
SQL: SELECT * FROM `tzl_category`  [ RunTime:0.0000s ]
INFO: [ app_end ] --START--
INFO: Run Behavior\ShowPageTraceBehavior [ RunTime:0.001000s ]
INFO: [ app_end ] --END-- [ RunTime:0.001000s ]

[ 2016-06-22T18:29:49+08:00 ] 127.0.0.1 /index.php/Front/Index/chklogin.html
INFO: [ app_begin ] --START--
INFO: Run Behavior\ReadHtmlCacheBehavior [ RunTime:0.001000s ]
INFO: [ app_begin ] --END-- [ RunTime:0.001000s ]
INFO: [ app_end ] --START--
INFO: Run Behavior\ShowPageTraceBehavior [ RunTime:0.001000s ]
INFO: [ app_end ] --END-- [ RunTime:0.001000s ]

[ 2016-06-22T18:29:59+08:00 ] 127.0.0.1 /
ERR: _STORAGE_WRITE_ERROR_:./Application/Runtime/Cache/Front/a1b5eaf65dd6713f2c6d0a44b4831953.php

[ 2016-06-22T18:29:59+08:00 ] 127.0.0.1 /
ERR: _STORAGE_WRITE_ERROR_:./Application/Runtime/Cache/Front/a1b5eaf65dd6713f2c6d0a44b4831953.php

[ 2016-06-22T18:29:59+08:00 ] 127.0.0.1 /
ERR: _STORAGE_WRITE_ERROR_:./Application/Runtime/Cache/Front/a1b5eaf65dd6713f2c6d0a44b4831953.php

[ 2016-06-22T18:30:00+08:00 ] 127.0.0.1 /
ERR: _STORAGE_WRITE_ERROR_:./Application/Runtime/Cache/Front/a1b5eaf65dd6713f2c6d0a44b4831953.php

[ 2016-06-22T18:30:04+08:00 ] 127.0.0.1 /
ERR: _STORAGE_WRITE_ERROR_:./Application/Runtime/Cache/Front/a1b5eaf65dd6713f2c6d0a44b4831953.php

[ 2016-06-22T18:30:04+08:00 ] 127.0.0.1 /
ERR: _STORAGE_WRITE_ERROR_:./Application/Runtime/Cache/Front/a1b5eaf65dd6713f2c6d0a44b4831953.php

[ 2016-06-22T18:30:04+08:00 ] 127.0.0.1 /
ERR: _STORAGE_WRITE_ERROR_:./Application/Runtime/Cache/Front/a1b5eaf65dd6713f2c6d0a44b4831953.php

[ 2016-06-22T18:30:04+08:00 ] 127.0.0.1 /
ERR: _STORAGE_WRITE_ERROR_:./Application/Runtime/Cache/Front/a1b5eaf65dd6713f2c6d0a44b4831953.php

[ 2016-06-22T18:30:09+08:00 ] 127.0.0.1 /
ERR: _STORAGE_WRITE_ERROR_:./Application/Runtime/Cache/Front/a1b5eaf65dd6713f2c6d0a44b4831953.php

[ 2016-06-22T18:30:09+08:00 ] 127.0.0.1 /
ERR: _STORAGE_WRITE_ERROR_:./Application/Runtime/Cache/Front/a1b5eaf65dd6713f2c6d0a44b4831953.php

[ 2016-06-22T18:30:13+08:00 ] 127.0.0.1 /
ERR: _STORAGE_WRITE_ERROR_:./Application/Runtime/Cache/Front/a1b5eaf65dd6713f2c6d0a44b4831953.php

[ 2016-06-22T18:30:14+08:00 ] 127.0.0.1 /
ERR: _STORAGE_WRITE_ERROR_:./Application/Runtime/Cache/Front/a1b5eaf65dd6713f2c6d0a44b4831953.php

[ 2016-06-22T18:30:14+08:00 ] 127.0.0.1 /
ERR: _STORAGE_WRITE_ERROR_:./Application/Runtime/Cache/Front/a1b5eaf65dd6713f2c6d0a44b4831953.php

[ 2016-06-22T18:30:14+08:00 ] 127.0.0.1 /
ERR: _STORAGE_WRITE_ERROR_:./Application/Runtime/Cache/Front/a1b5eaf65dd6713f2c6d0a44b4831953.php

[ 2016-06-22T18:30:14+08:00 ] 127.0.0.1 /
ERR: _STORAGE_WRITE_ERROR_:./Application/Runtime/Cache/Front/a1b5eaf65dd6713f2c6d0a44b4831953.php

[ 2016-06-22T18:30:14+08:00 ] 127.0.0.1 /
ERR: _STORAGE_WRITE_ERROR_:./Application/Runtime/Cache/Front/a1b5eaf65dd6713f2c6d0a44b4831953.php

[ 2016-06-22T18:30:14+08:00 ] 127.0.0.1 /
ERR: _STORAGE_WRITE_ERROR_:./Application/Runtime/Cache/Front/a1b5eaf65dd6713f2c6d0a44b4831953.php

[ 2016-06-22T18:30:14+08:00 ] 127.0.0.1 /
ERR: _STORAGE_WRITE_ERROR_:./Application/Runtime/Cache/Front/a1b5eaf65dd6713f2c6d0a44b4831953.php

[ 2016-06-22T18:30:14+08:00 ] 127.0.0.1 /
ERR: _STORAGE_WRITE_ERROR_:./Application/Runtime/Cache/Front/a1b5eaf65dd6713f2c6d0a44b4831953.php

[ 2016-06-22T18:30:14+08:00 ] 127.0.0.1 /
ERR: _STORAGE_WRITE_ERROR_:./Application/Runtime/Cache/Front/a1b5eaf65dd6713f2c6d0a44b4831953.php

[ 2016-06-22T18:30:14+08:00 ] 127.0.0.1 /
ERR: _STORAGE_WRITE_ERROR_:./Application/Runtime/Cache/Front/a1b5eaf65dd6713f2c6d0a44b4831953.php

[ 2016-06-22T18:30:14+08:00 ] 127.0.0.1 /
ERR: _STORAGE_WRITE_ERROR_:./Application/Runtime/Cache/Front/a1b5eaf65dd6713f2c6d0a44b4831953.php

[ 2016-06-22T18:30:14+08:00 ] 127.0.0.1 /
ERR: _STORAGE_WRITE_ERROR_:./Application/Runtime/Cache/Front/a1b5eaf65dd6713f2c6d0a44b4831953.php

[ 2016-06-22T18:30:14+08:00 ] 127.0.0.1 /
ERR: _STORAGE_WRITE_ERROR_:./Application/Runtime/Cache/Front/a1b5eaf65dd6713f2c6d0a44b4831953.php

[ 2016-06-22T18:30:14+08:00 ] 127.0.0.1 /
ERR: _STORAGE_WRITE_ERROR_:./Application/Runtime/Cache/Front/a1b5eaf65dd6713f2c6d0a44b4831953.php

[ 2016-06-22T18:30:14+08:00 ] 127.0.0.1 /
ERR: _STORAGE_WRITE_ERROR_:./Application/Runtime/Cache/Front/a1b5eaf65dd6713f2c6d0a44b4831953.php

[ 2016-06-22T18:30:14+08:00 ] 127.0.0.1 /
ERR: _STORAGE_WRITE_ERROR_:./Application/Runtime/Cache/Front/a1b5eaf65dd6713f2c6d0a44b4831953.php

[ 2016-06-22T18:30:14+08:00 ] 127.0.0.1 /
ERR: _STORAGE_WRITE_ERROR_:./Application/Runtime/Cache/Front/a1b5eaf65dd6713f2c6d0a44b4831953.php

[ 2016-06-22T18:30:14+08:00 ] 127.0.0.1 /
ERR: _STORAGE_WRITE_ERROR_:./Application/Runtime/Cache/Front/a1b5eaf65dd6713f2c6d0a44b4831953.php

[ 2016-06-22T18:30:14+08:00 ] 127.0.0.1 /
ERR: _STORAGE_WRITE_ERROR_:./Application/Runtime/Cache/Front/a1b5eaf65dd6713f2c6d0a44b4831953.php

[ 2016-06-22T18:30:14+08:00 ] 127.0.0.1 /
ERR: _STORAGE_WRITE_ERROR_:./Application/Runtime/Cache/Front/a1b5eaf65dd6713f2c6d0a44b4831953.php

[ 2016-06-22T18:30:14+08:00 ] 127.0.0.1 /
ERR: _STORAGE_WRITE_ERROR_:./Application/Runtime/Cache/Front/a1b5eaf65dd6713f2c6d0a44b4831953.php

[ 2016-06-22T18:30:14+08:00 ] 127.0.0.1 /
ERR: _STORAGE_WRITE_ERROR_:./Application/Runtime/Cache/Front/a1b5eaf65dd6713f2c6d0a44b4831953.php

[ 2016-06-22T18:30:14+08:00 ] 127.0.0.1 /
ERR: _STORAGE_WRITE_ERROR_:./Application/Runtime/Cache/Front/a1b5eaf65dd6713f2c6d0a44b4831953.php

[ 2016-06-22T18:30:14+08:00 ] 127.0.0.1 /
ERR: _STORAGE_WRITE_ERROR_:./Application/Runtime/Cache/Front/a1b5eaf65dd6713f2c6d0a44b4831953.php

[ 2016-06-22T18:30:14+08:00 ] 127.0.0.1 /
ERR: _STORAGE_WRITE_ERROR_:./Application/Runtime/Cache/Front/a1b5eaf65dd6713f2c6d0a44b4831953.php

[ 2016-06-22T18:30:14+08:00 ] 127.0.0.1 /
ERR: _STORAGE_WRITE_ERROR_:./Application/Runtime/Cache/Front/a1b5eaf65dd6713f2c6d0a44b4831953.php

[ 2016-06-22T18:30:14+08:00 ] 127.0.0.1 /
ERR: _STORAGE_WRITE_ERROR_:./Application/Runtime/Cache/Front/a1b5eaf65dd6713f2c6d0a44b4831953.php

[ 2016-06-22T18:30:14+08:00 ] 127.0.0.1 /
ERR: _STORAGE_WRITE_ERROR_:./Application/Runtime/Cache/Front/a1b5eaf65dd6713f2c6d0a44b4831953.php

[ 2016-06-22T18:30:14+08:00 ] 127.0.0.1 /
ERR: _STORAGE_WRITE_ERROR_:./Application/Runtime/Cache/Front/a1b5eaf65dd6713f2c6d0a44b4831953.php

[ 2016-06-22T18:30:14+08:00 ] 127.0.0.1 /
ERR: _STORAGE_WRITE_ERROR_:./Application/Runtime/Cache/Front/a1b5eaf65dd6713f2c6d0a44b4831953.php

[ 2016-06-22T18:30:14+08:00 ] 127.0.0.1 /
ERR: _STORAGE_WRITE_ERROR_:./Application/Runtime/Cache/Front/a1b5eaf65dd6713f2c6d0a44b4831953.php

[ 2016-06-22T18:30:15+08:00 ] 127.0.0.1 /
ERR: _STORAGE_WRITE_ERROR_:./Application/Runtime/Cache/Front/a1b5eaf65dd6713f2c6d0a44b4831953.php

[ 2016-06-22T18:30:15+08:00 ] 127.0.0.1 /
ERR: _STORAGE_WRITE_ERROR_:./Application/Runtime/Cache/Front/a1b5eaf65dd6713f2c6d0a44b4831953.php

[ 2016-06-22T18:30:15+08:00 ] 127.0.0.1 /
ERR: _STORAGE_WRITE_ERROR_:./Application/Runtime/Cache/Front/a1b5eaf65dd6713f2c6d0a44b4831953.php

[ 2016-06-22T18:30:15+08:00 ] 127.0.0.1 /
ERR: _STORAGE_WRITE_ERROR_:./Application/Runtime/Cache/Front/a1b5eaf65dd6713f2c6d0a44b4831953.php

[ 2016-06-22T18:30:27+08:00 ] 127.0.0.1 /
ERR: _STORAGE_WRITE_ERROR_:./Application/Runtime/Cache/Front/a1b5eaf65dd6713f2c6d0a44b4831953.php

[ 2016-06-22T18:30:27+08:00 ] 127.0.0.1 /
ERR: _STORAGE_WRITE_ERROR_:./Application/Runtime/Cache/Front/a1b5eaf65dd6713f2c6d0a44b4831953.php

[ 2016-06-22T18:30:27+08:00 ] 127.0.0.1 /
ERR: _STORAGE_WRITE_ERROR_:./Application/Runtime/Cache/Front/a1b5eaf65dd6713f2c6d0a44b4831953.php

[ 2016-06-22T18:30:27+08:00 ] 127.0.0.1 /
ERR: _STORAGE_WRITE_ERROR_:./Application/Runtime/Cache/Front/a1b5eaf65dd6713f2c6d0a44b4831953.php

[ 2016-06-22T18:30:27+08:00 ] 127.0.0.1 /
ERR: _STORAGE_WRITE_ERROR_:./Application/Runtime/Cache/Front/a1b5eaf65dd6713f2c6d0a44b4831953.php

[ 2016-06-22T18:30:31+08:00 ] 127.0.0.1 /
ERR: _STORAGE_WRITE_ERROR_:./Application/Runtime/Cache/Front/a1b5eaf65dd6713f2c6d0a44b4831953.php

[ 2016-06-22T18:30:31+08:00 ] 127.0.0.1 /
ERR: _STORAGE_WRITE_ERROR_:./Application/Runtime/Cache/Front/a1b5eaf65dd6713f2c6d0a44b4831953.php

[ 2016-06-22T18:30:31+08:00 ] 127.0.0.1 /
ERR: _STORAGE_WRITE_ERROR_:./Application/Runtime/Cache/Front/a1b5eaf65dd6713f2c6d0a44b4831953.php

[ 2016-06-22T18:30:32+08:00 ] 127.0.0.1 /
ERR: _STORAGE_WRITE_ERROR_:./Application/Runtime/Cache/Front/a1b5eaf65dd6713f2c6d0a44b4831953.php

[ 2016-06-22T18:30:32+08:00 ] 127.0.0.1 /
ERR: _STORAGE_WRITE_ERROR_:./Application/Runtime/Cache/Front/a1b5eaf65dd6713f2c6d0a44b4831953.php

[ 2016-06-22T18:30:32+08:00 ] 127.0.0.1 /
ERR: _STORAGE_WRITE_ERROR_:./Application/Runtime/Cache/Front/a1b5eaf65dd6713f2c6d0a44b4831953.php

[ 2016-06-22T21:15:24+08:00 ] 127.0.0.1 /index.php/Front/Index/chklogin.html
INFO: [ app_begin ] --START--
INFO: Run Behavior\ReadHtmlCacheBehavior [ RunTime:0.001000s ]
INFO: [ app_begin ] --END-- [ RunTime:0.002000s ]
INFO: [ app_end ] --START--
INFO: Run Behavior\ShowPageTraceBehavior [ RunTime:0.001000s ]
INFO: [ app_end ] --END-- [ RunTime:0.001000s ]

[ 2016-06-22T21:15:24+08:00 ] 127.0.0.1 /index.php/Front/Index/getPrice/id/3.html
INFO: [ app_begin ] --START--
INFO: Run Behavior\ReadHtmlCacheBehavior [ RunTime:0.000000s ]
INFO: [ app_begin ] --END-- [ RunTime:0.001000s ]
SQL: SHOW COLUMNS FROM `tzl_goods` [ RunTime:0.0040s ]
NOTIC: [8] Undefined variable: goods_id G:\wamp\www\tp323\Application\Admin\Model\GoodsModel.class.php 第 109 行.
SQL: SELECT `shop_price`,`promote_price`,`promote_end`,`promote_start` FROM `tzl_goods` LIMIT 1   [ RunTime:0.0010s ]
SQL: SELECT `shop_price` FROM `tzl_goods` WHERE `id` = 3 LIMIT 1   [ RunTime:0.0000s ]
INFO: [ app_end ] --START--
INFO: Run Behavior\ShowPageTraceBehavior [ RunTime:0.001000s ]
INFO: [ app_end ] --END-- [ RunTime:0.001000s ]

[ 2016-06-22T21:15:24+08:00 ] 127.0.0.1 /index.php/Front/Index/AJAXcategory/id/3.html
INFO: [ app_begin ] --START--
INFO: Run Behavior\ReadHtmlCacheBehavior [ RunTime:0.001000s ]
INFO: [ app_begin ] --END-- [ RunTime:0.002001s ]
SQL: SHOW COLUMNS FROM `tzl_category` [ RunTime:0.0070s ]
SQL: SHOW COLUMNS FROM `tzl_goods` [ RunTime:0.0040s ]
SQL: SELECT * FROM `tzl_goods` WHERE `id` = 3 LIMIT 1   [ RunTime:0.0000s ]
SQL: SELECT * FROM `tzl_category` ORDER BY sort_num ASC  [ RunTime:0.0000s ]
SQL: SELECT * FROM `tzl_category`  [ RunTime:0.0000s ]
INFO: [ app_end ] --START--
INFO: Run Behavior\ShowPageTraceBehavior [ RunTime:0.001000s ]
INFO: [ app_end ] --END-- [ RunTime:0.001000s ]

